#
# There is insufficient memory for the Java Runtime Environment to continue.
# Native memory allocation (mmap) failed to map 315621376 bytes for G1 virtual space
# Possible reasons:
#   The system is out of physical RAM or swap space
#   The process is running with CompressedOops enabled, and the Java Heap may be blocking the growth of the native heap
# Possible solutions:
#   Reduce memory load on the system
#   Increase physical memory or swap space
#   Check if swap backing store is full
#   Decrease Java heap size (-Xmx/-Xms)
#   Decrease number of Java threads
#   Decrease Java thread stack sizes (-Xss)
#   Set larger code cache with -XX:ReservedCodeCacheSize=
#   JVM is running with Unscaled Compressed Oops mode in which the Java heap is
#     placed in the first 4GB address space. The Java Heap base address is the
#     maximum limit for the native heap growth. Please use -XX:HeapBaseMinAddress
#     to set the Java Heap base and to place the Java Heap above 4GB virtual address.
# This output file may be truncated or incomplete.
#
#  Out of Memory Error (os_windows.cpp:3557), pid=23884, tid=30364
#
# JRE version: OpenJDK Runtime Environment Temurin-17.0.6+10 (17.0.6+10) (build 17.0.6+10)
# Java VM: OpenJDK 64-Bit Server VM Temurin-17.0.6+10 (17.0.6+10, mixed mode, sharing, tiered, compressed oops, compressed class ptrs, g1 gc, windows-amd64)
# No core dump will be written. Minidumps are not enabled by default on client versions of Windows
#

---------------  S U M M A R Y ------------

Command Line: --add-opens=java.base/java.util=ALL-UNNAMED --add-opens=java.base/java.lang=ALL-UNNAMED --add-opens=java.base/java.lang.invoke=ALL-UNNAMED --add-opens=java.prefs/java.util.prefs=ALL-UNNAMED --add-opens=java.base/java.nio.charset=ALL-UNNAMED --add-opens=java.base/java.net=ALL-UNNAMED --add-opens=java.base/java.util.concurrent.atomic=ALL-UNNAMED -Xmx1G -Dfile.encoding=windows-1251 -Duser.country=RU -Duser.language=ru -Duser.variant org.gradle.launcher.daemon.bootstrap.GradleDaemon 7.6

Host: Intel(R) Core(TM) i3-8100 CPU @ 3.60GHz, 4 cores, 15G,  Windows 11 , 64 bit Build 22000 (10.0.22000.1761)
Time: Wed Apr 26 21:09:04 2023 RTZ 2 (s 11 , 64 bit Build 22000 (10.0.22000.1761) elapsed time: 1021.604682 seconds (0d 0h 17m 1s)

---------------  T H R E A D  ---------------

Current thread (0x000002715fa64d30):  VMThread "VM Thread" [stack: 0x000000b473300000,0x000000b473400000] [id=30364]

Stack: [0x000000b473300000,0x000000b473400000]
Native frames: (J=compiled Java code, j=interpreted, Vv=VM code, C=native code)
V  [jvm.dll+0x67741a]
V  [jvm.dll+0x834434]
V  [jvm.dll+0x835bde]
V  [jvm.dll+0x836243]
V  [jvm.dll+0x2457b5]
V  [jvm.dll+0x674329]
V  [jvm.dll+0x6689da]
V  [jvm.dll+0x30489b]
V  [jvm.dll+0x30bd96]
V  [jvm.dll+0x35b57e]
V  [jvm.dll+0x35b7af]
V  [jvm.dll+0x2db778]
V  [jvm.dll+0x2d9a2c]
V  [jvm.dll+0x2d8ffc]
V  [jvm.dll+0x31cdcb]
V  [jvm.dll+0x83a6eb]
V  [jvm.dll+0x83b424]
V  [jvm.dll+0x83b93c]
V  [jvm.dll+0x83bd14]
V  [jvm.dll+0x83bde0]
V  [jvm.dll+0x7e483a]
V  [jvm.dll+0x6762c5]
C  [ucrtbase.dll+0x26c0c]
C  [KERNEL32.DLL+0x15590]
C  [ntdll.dll+0x485b]

VM_Operation (0x000000b4799fe500): G1CollectForAllocation, mode: safepoint, requested by thread 0x0000027168928390


---------------  P R O C E S S  ---------------

Threads class SMR info:
_java_thread_list=0x000002716940de10, length=96, elements={
0x000002714447de80, 0x000002715fa675d0, 0x000002715fa68790, 0x000002715fa83650,
0x000002715fa88020, 0x000002715fa889d0, 0x000002715fa89380, 0x000002715fa8a060,
0x000002715fa97980, 0x00000271604607d0, 0x000002716052fe00, 0x00000271605306e0,
0x0000027161166f40, 0x0000027161dfdca0, 0x0000027162271ab0, 0x00000271621ae1b0,
0x00000271621ae680, 0x00000271621b11d0, 0x00000271621af9c0, 0x00000271621b16a0,
0x00000271621b0360, 0x00000271640e6fc0, 0x00000271640e5c80, 0x00000271640e3fa0,
0x00000271640e4470, 0x00000271640e6af0, 0x0000027164d6e600, 0x0000027160722bb0,
0x00000271693108d0, 0x0000027164713ba0, 0x0000027164712d30, 0x0000027160721870,
0x0000027165bb7ed0, 0x0000027165bb83a0, 0x0000027165bb8870, 0x0000027165bbaef0,
0x0000027169310da0, 0x00000271693cca30, 0x00000271693ccf00, 0x0000027164714070,
0x0000027160720060, 0x0000027164714540, 0x0000027164714a10, 0x000002716870eaf0,
0x000002716870f960, 0x000002716870fe30, 0x0000027162e7f060, 0x0000027162e80d40,
0x0000027160720a00, 0x0000027160720ed0, 0x0000027160721d40, 0x0000027160720530,
0x0000027160723080, 0x00000271607213a0, 0x0000027168e8b6e0, 0x0000027168e8b210,
0x0000027168e89ed0, 0x0000027168e89060, 0x0000027168e8c080, 0x0000027168e89a00,
0x0000027168e8bbb0, 0x0000027168e8ad40, 0x0000027168e8a3a0, 0x0000027168e8c550,
0x0000027168e8a870, 0x0000027168e8ca20, 0x0000027168e89530, 0x00000271695de3a0,
0x00000271695dd530, 0x00000271695dd060, 0x00000271695e0550, 0x00000271695dded0,
0x00000271695dfbb0, 0x0000027162e816e0, 0x0000027162e80870, 0x00000271693cad50,
0x00000271693ca3b0, 0x00000271693ca880, 0x00000271693cd3d0, 0x00000271693cb6f0,
0x00000271693cc090, 0x00000271693cb220, 0x0000027165bb7060, 0x0000027165bbdf10,
0x00000271693cbbc0, 0x00000271693cc560, 0x00000271693c9a10, 0x0000027162e82080,
0x00000271695e0080, 0x00000271695df6e0, 0x00000271695dda00, 0x00000271695df210,
0x00000271695e0a20, 0x00000271695de870, 0x00000271695ded40, 0x0000027168928390
}

Java Threads: ( => current thread )
  0x000002714447de80 JavaThread "main" [_thread_blocked, id=37232, stack(0x000000b472d00000,0x000000b472e00000)]
  0x000002715fa675d0 JavaThread "Reference Handler" daemon [_thread_blocked, id=31912, stack(0x000000b473400000,0x000000b473500000)]
  0x000002715fa68790 JavaThread "Finalizer" daemon [_thread_blocked, id=5784, stack(0x000000b473500000,0x000000b473600000)]
  0x000002715fa83650 JavaThread "Signal Dispatcher" daemon [_thread_blocked, id=36512, stack(0x000000b473600000,0x000000b473700000)]
  0x000002715fa88020 JavaThread "Attach Listener" daemon [_thread_blocked, id=34448, stack(0x000000b473700000,0x000000b473800000)]
  0x000002715fa889d0 JavaThread "Service Thread" daemon [_thread_blocked, id=22184, stack(0x000000b473800000,0x000000b473900000)]
  0x000002715fa89380 JavaThread "Monitor Deflation Thread" daemon [_thread_blocked, id=11332, stack(0x000000b473900000,0x000000b473a00000)]
  0x000002715fa8a060 JavaThread "C2 CompilerThread0" daemon [_thread_blocked, id=35024, stack(0x000000b473a00000,0x000000b473b00000)]
  0x000002715fa97980 JavaThread "C1 CompilerThread0" daemon [_thread_blocked, id=26476, stack(0x000000b473b00000,0x000000b473c00000)]
  0x00000271604607d0 JavaThread "Sweeper thread" daemon [_thread_blocked, id=17528, stack(0x000000b473c00000,0x000000b473d00000)]
  0x000002716052fe00 JavaThread "Common-Cleaner" daemon [_thread_blocked, id=23652, stack(0x000000b473d00000,0x000000b473e00000)]
  0x00000271605306e0 JavaThread "Notification Thread" daemon [_thread_blocked, id=36092, stack(0x000000b473e00000,0x000000b473f00000)]
  0x0000027161166f40 JavaThread "Daemon health stats" [_thread_blocked, id=35520, stack(0x000000b474000000,0x000000b474100000)]
  0x0000027161dfdca0 JavaThread "Incoming local TCP Connector on port 63395" [_thread_in_native, id=35092, stack(0x000000b474400000,0x000000b474500000)]
  0x0000027162271ab0 JavaThread "Daemon periodic checks" [_thread_blocked, id=16788, stack(0x000000b474500000,0x000000b474600000)]
  0x00000271621ae1b0 JavaThread "Cache worker for journal cache (C:\Users\БогданПотапов\.gradle\caches\journal-1)" [_thread_blocked, id=37772, stack(0x000000b474d00000,0x000000b474e00000)]
  0x00000271621ae680 JavaThread "File lock request listener" [_thread_in_native, id=38656, stack(0x000000b474e00000,0x000000b474f00000)]
  0x00000271621b11d0 JavaThread "Cache worker for file hash cache (C:\Users\БогданПотапов\.gradle\caches\7.6\fileHashes)" [_thread_blocked, id=33544, stack(0x000000b474f00000,0x000000b475000000)]
  0x00000271621af9c0 JavaThread "File watcher server" daemon [_thread_blocked, id=33972, stack(0x000000b475100000,0x000000b475200000)]
  0x00000271621b16a0 JavaThread "File watcher consumer" daemon [_thread_blocked, id=35540, stack(0x000000b475200000,0x000000b475300000)]
  0x00000271621b0360 JavaThread "Cache worker for file content cache (C:\Users\БогданПотапов\.gradle\caches\7.6\fileContent)" [_thread_blocked, id=29444, stack(0x000000b475500000,0x000000b475600000)]
  0x00000271640e6fc0 JavaThread "Cache worker for execution history cache (C:\Users\БогданПотапов\.gradle\caches\7.6\executionHistory)" [_thread_blocked, id=25044, stack(0x000000b475800000,0x000000b475900000)]
  0x00000271640e5c80 JavaThread "jar transforms" [_thread_blocked, id=36424, stack(0x000000b475900000,0x000000b475a00000)]
  0x00000271640e3fa0 JavaThread "jar transforms Thread 2" [_thread_blocked, id=26636, stack(0x000000b475a00000,0x000000b475b00000)]
  0x00000271640e4470 JavaThread "jar transforms Thread 3" [_thread_blocked, id=36544, stack(0x000000b475c00000,0x000000b475d00000)]
  0x00000271640e6af0 JavaThread "jar transforms Thread 4" [_thread_blocked, id=34976, stack(0x000000b475d00000,0x000000b475e00000)]
  0x0000027164d6e600 JavaThread "Memory manager" [_thread_blocked, id=25912, stack(0x000000b478000000,0x000000b478100000)]
  0x0000027160722bb0 JavaThread "Cache worker for Java compile cache (C:\Users\БогданПотапов\.gradle\caches\7.6\javaCompile)" [_thread_blocked, id=26680, stack(0x000000b479000000,0x000000b479100000)]
  0x00000271693108d0 JavaThread "Daemon Thread 4" [_thread_blocked, id=24416, stack(0x000000b472a00000,0x000000b472b00000)]
  0x0000027164713ba0 JavaThread "Handler for socket connection from /127.0.0.1:63395 to /127.0.0.1:63998" [_thread_in_native, id=19056, stack(0x000000b472b00000,0x000000b472c00000)]
  0x0000027164712d30 JavaThread "Cancel handler" [_thread_blocked, id=26548, stack(0x000000b472c00000,0x000000b472d00000)]
  0x0000027160721870 JavaThread "Daemon worker Thread 3" [_thread_blocked, id=35764, stack(0x000000b474600000,0x000000b474700000)]
  0x0000027165bb7ed0 JavaThread "Asynchronous log dispatcher for DefaultDaemonConnection: socket connection from /127.0.0.1:63395 to /127.0.0.1:63998" [_thread_blocked, id=38320, stack(0x000000b474700000,0x000000b474800000)]
  0x0000027165bb83a0 JavaThread "Stdin handler" [_thread_blocked, id=37028, stack(0x000000b474800000,0x000000b474900000)]
  0x0000027165bb8870 JavaThread "Daemon client event forwarder" [_thread_blocked, id=29980, stack(0x000000b474900000,0x000000b474a00000)]
  0x0000027165bbaef0 JavaThread "Cache worker for checksums cache (C:\Users\БогданПотапов\Desktop\FABRIC MODDING\1_16_5\MClientMod\.gradle\7.6\checksums)" [_thread_blocked, id=35020, stack(0x000000b474a00000,0x000000b474b00000)]
  0x0000027169310da0 JavaThread "Cache worker for cache directory md-rule (C:\Users\БогданПотапов\.gradle\caches\7.6\md-rule)" [_thread_blocked, id=23628, stack(0x000000b474b00000,0x000000b474c00000)]
  0x00000271693cca30 JavaThread "Cache worker for file hash cache (C:\Users\БогданПотапов\Desktop\FABRIC MODDING\1_16_5\MClientMod\.gradle\7.6\fileHashes)" [_thread_blocked, id=30564, stack(0x000000b474c00000,0x000000b474d00000)]
  0x00000271693ccf00 JavaThread "Cache worker for cache directory md-supplier (C:\Users\БогданПотапов\.gradle\caches\7.6\md-supplier)" [_thread_blocked, id=35928, stack(0x000000b475300000,0x000000b475400000)]
  0x0000027164714070 JavaThread "Cache worker for dependencies-accessors (C:\Users\БогданПотапов\Desktop\FABRIC MODDING\1_16_5\MClientMod\.gradle\7.6\dependencies-accessors)" [_thread_blocked, id=37096, stack(0x000000b475600000,0x000000b475700000)]
  0x0000027160720060 JavaThread "Cache worker for Build Output Cleanup Cache (C:\Users\БогданПотапов\Desktop\FABRIC MODDING\1_16_5\MClientMod\.gradle\buildOutputCleanup)" [_thread_blocked, id=7376, stack(0x000000b475700000,0x000000b475800000)]
  0x0000027164714540 JavaThread "Unconstrained build operations" [_thread_blocked, id=32096, stack(0x000000b475b00000,0x000000b475c00000)]
  0x0000027164714a10 JavaThread "Unconstrained build operations Thread 2" [_thread_blocked, id=37044, stack(0x000000b475e00000,0x000000b475f00000)]
  0x000002716870eaf0 JavaThread "Unconstrained build operations Thread 3" [_thread_blocked, id=38044, stack(0x000000b475f00000,0x000000b476000000)]
  0x000002716870f960 JavaThread "Unconstrained build operations Thread 4" [_thread_blocked, id=15096, stack(0x000000b476000000,0x000000b476100000)]
  0x000002716870fe30 JavaThread "Unconstrained build operations Thread 5" [_thread_blocked, id=18948, stack(0x000000b476100000,0x000000b476200000)]
  0x0000027162e7f060 JavaThread "Unconstrained build operations Thread 6" [_thread_blocked, id=34260, stack(0x000000b476200000,0x000000b476300000)]
  0x0000027162e80d40 JavaThread "Unconstrained build operations Thread 7" [_thread_blocked, id=37008, stack(0x000000b476300000,0x000000b476400000)]
  0x0000027160720a00 JavaThread "Unconstrained build operations Thread 8" [_thread_blocked, id=34376, stack(0x000000b476400000,0x000000b476500000)]
  0x0000027160720ed0 JavaThread "Unconstrained build operations Thread 9" [_thread_blocked, id=34796, stack(0x000000b476500000,0x000000b476600000)]
  0x0000027160721d40 JavaThread "Unconstrained build operations Thread 10" [_thread_blocked, id=17844, stack(0x000000b476600000,0x000000b476700000)]
  0x0000027160720530 JavaThread "Unconstrained build operations Thread 11" [_thread_blocked, id=34540, stack(0x000000b476700000,0x000000b476800000)]
  0x0000027160723080 JavaThread "Unconstrained build operations Thread 12" [_thread_blocked, id=36436, stack(0x000000b476800000,0x000000b476900000)]
  0x00000271607213a0 JavaThread "Unconstrained build operations Thread 13" [_thread_blocked, id=38812, stack(0x000000b476900000,0x000000b476a00000)]
  0x0000027168e8b6e0 JavaThread "Unconstrained build operations Thread 14" [_thread_blocked, id=33256, stack(0x000000b476a00000,0x000000b476b00000)]
  0x0000027168e8b210 JavaThread "Unconstrained build operations Thread 15" [_thread_blocked, id=30596, stack(0x000000b476b00000,0x000000b476c00000)]
  0x0000027168e89ed0 JavaThread "Unconstrained build operations Thread 16" [_thread_blocked, id=34744, stack(0x000000b476c00000,0x000000b476d00000)]
  0x0000027168e89060 JavaThread "Unconstrained build operations Thread 17" [_thread_blocked, id=30492, stack(0x000000b476d00000,0x000000b476e00000)]
  0x0000027168e8c080 JavaThread "Unconstrained build operations Thread 18" [_thread_blocked, id=37964, stack(0x000000b476e00000,0x000000b476f00000)]
  0x0000027168e89a00 JavaThread "Unconstrained build operations Thread 19" [_thread_blocked, id=18876, stack(0x000000b476f00000,0x000000b477000000)]
  0x0000027168e8bbb0 JavaThread "Unconstrained build operations Thread 20" [_thread_blocked, id=33300, stack(0x000000b477000000,0x000000b477100000)]
  0x0000027168e8ad40 JavaThread "Unconstrained build operations Thread 21" [_thread_blocked, id=11900, stack(0x000000b477100000,0x000000b477200000)]
  0x0000027168e8a3a0 JavaThread "Unconstrained build operations Thread 22" [_thread_blocked, id=31572, stack(0x000000b477200000,0x000000b477300000)]
  0x0000027168e8c550 JavaThread "Unconstrained build operations Thread 23" [_thread_blocked, id=25284, stack(0x000000b477300000,0x000000b477400000)]
  0x0000027168e8a870 JavaThread "Unconstrained build operations Thread 24" [_thread_blocked, id=35924, stack(0x000000b477400000,0x000000b477500000)]
  0x0000027168e8ca20 JavaThread "Unconstrained build operations Thread 25" [_thread_blocked, id=10320, stack(0x000000b477500000,0x000000b477600000)]
  0x0000027168e89530 JavaThread "Unconstrained build operations Thread 26" [_thread_blocked, id=26412, stack(0x000000b477600000,0x000000b477700000)]
  0x00000271695de3a0 JavaThread "Unconstrained build operations Thread 27" [_thread_blocked, id=28404, stack(0x000000b477700000,0x000000b477800000)]
  0x00000271695dd530 JavaThread "Unconstrained build operations Thread 28" [_thread_blocked, id=36924, stack(0x000000b477800000,0x000000b477900000)]
  0x00000271695dd060 JavaThread "Unconstrained build operations Thread 29" [_thread_blocked, id=17728, stack(0x000000b477900000,0x000000b477a00000)]
  0x00000271695e0550 JavaThread "Unconstrained build operations Thread 30" [_thread_blocked, id=38716, stack(0x000000b477a00000,0x000000b477b00000)]
  0x00000271695dded0 JavaThread "Unconstrained build operations Thread 31" [_thread_blocked, id=29848, stack(0x000000b477b00000,0x000000b477c00000)]
  0x00000271695dfbb0 JavaThread "Unconstrained build operations Thread 32" [_thread_blocked, id=37156, stack(0x000000b477c00000,0x000000b477d00000)]
  0x0000027162e816e0 JavaThread "build event listener" [_thread_blocked, id=34168, stack(0x000000b477d00000,0x000000b477e00000)]
  0x0000027162e80870 JavaThread "Unconstrained build operations Thread 33" [_thread_blocked, id=29684, stack(0x000000b477e00000,0x000000b477f00000)]
  0x00000271693cad50 JavaThread "Unconstrained build operations Thread 34" [_thread_blocked, id=30640, stack(0x000000b477f00000,0x000000b478000000)]
  0x00000271693ca3b0 JavaThread "Unconstrained build operations Thread 35" [_thread_blocked, id=38532, stack(0x000000b478100000,0x000000b478200000)]
  0x00000271693ca880 JavaThread "Unconstrained build operations Thread 36" [_thread_blocked, id=36656, stack(0x000000b478200000,0x000000b478300000)]
  0x00000271693cd3d0 JavaThread "Unconstrained build operations Thread 37" [_thread_blocked, id=37924, stack(0x000000b478300000,0x000000b478400000)]
  0x00000271693cb6f0 JavaThread "Unconstrained build operations Thread 38" [_thread_blocked, id=20892, stack(0x000000b478400000,0x000000b478500000)]
  0x00000271693cc090 JavaThread "Unconstrained build operations Thread 39" [_thread_blocked, id=20312, stack(0x000000b478500000,0x000000b478600000)]
  0x00000271693cb220 JavaThread "Unconstrained build operations Thread 40" [_thread_blocked, id=32904, stack(0x000000b478600000,0x000000b478700000)]
  0x0000027165bb7060 JavaThread "build event listener" [_thread_blocked, id=38520, stack(0x000000b478700000,0x000000b478800000)]
  0x0000027165bbdf10 JavaThread "included builds" [_thread_blocked, id=18228, stack(0x000000b478800000,0x000000b478900000)]
  0x00000271693cbbc0 JavaThread "Execution worker" [_thread_blocked, id=38356, stack(0x000000b478900000,0x000000b478a00000)]
  0x00000271693cc560 JavaThread "Execution worker Thread 2" [_thread_blocked, id=16224, stack(0x000000b478a00000,0x000000b478b00000)]
  0x00000271693c9a10 JavaThread "Execution worker Thread 3" [_thread_blocked, id=32796, stack(0x000000b478b00000,0x000000b478c00000)]
  0x0000027162e82080 JavaThread "Cache worker for execution history cache (C:\Users\БогданПотапов\Desktop\FABRIC MODDING\1_16_5\MClientMod\.gradle\7.6\executionHistory)" [_thread_blocked, id=37168, stack(0x000000b478c00000,0x000000b478d00000)]
  0x00000271695e0080 JavaThread "Build operations" [_thread_blocked, id=36956, stack(0x000000b478d00000,0x000000b478e00000)]
  0x00000271695df6e0 JavaThread "Build operations Thread 2" [_thread_blocked, id=33812, stack(0x000000b478e00000,0x000000b478f00000)]
  0x00000271695dda00 JavaThread "Build operations Thread 3" [_thread_blocked, id=20428, stack(0x000000b478f00000,0x000000b479000000)]
  0x00000271695df210 JavaThread "Build operations Thread 4" [_thread_blocked, id=38584, stack(0x000000b479100000,0x000000b479200000)]
  0x00000271695e0a20 JavaThread "pool-6-thread-1" [_thread_blocked, id=31260, stack(0x000000b479500000,0x000000b479600000)]
  0x00000271695de870 JavaThread "pool-6-thread-2" [_thread_blocked, id=11004, stack(0x000000b479600000,0x000000b479700000)]
  0x00000271695ded40 JavaThread "pool-6-thread-3" [_thread_blocked, id=38048, stack(0x000000b479800000,0x000000b479900000)]
  0x0000027168928390 JavaThread "pool-6-thread-4" [_thread_blocked, id=27572, stack(0x000000b479900000,0x000000b479a00000)]

Other Threads:
=>0x000002715fa64d30 VMThread "VM Thread" [stack: 0x000000b473300000,0x000000b473400000] [id=30364]
  0x00000271444d4820 WatcherThread [stack: 0x000000b473f00000,0x000000b474000000] [id=15024]
  0x00000271444bb020 GCTaskThread "GC Thread#0" [stack: 0x000000b472e00000,0x000000b472f00000] [id=25032]
  0x000002716066aa40 GCTaskThread "GC Thread#1" [stack: 0x000000b474100000,0x000000b474200000] [id=38536]
  0x0000027160818050 GCTaskThread "GC Thread#2" [stack: 0x000000b474200000,0x000000b474300000] [id=8544]
  0x0000027160818300 GCTaskThread "GC Thread#3" [stack: 0x000000b474300000,0x000000b474400000] [id=36904]
  0x00000271444c3f60 ConcurrentGCThread "G1 Main Marker" [stack: 0x000000b472f00000,0x000000b473000000] [id=25948]
  0x00000271444c4c30 ConcurrentGCThread "G1 Conc#0" [stack: 0x000000b473000000,0x000000b473100000] [id=34144]
  0x000002714454e430 ConcurrentGCThread "G1 Refine#0" [stack: 0x000000b473100000,0x000000b473200000] [id=32316]
  0x0000027162dc03e0 ConcurrentGCThread "G1 Refine#1" [stack: 0x000000b475000000,0x000000b475100000] [id=38420]
  0x0000027164dba0e0 ConcurrentGCThread "G1 Refine#2" [stack: 0x000000b479400000,0x000000b479500000] [id=38528]
  0x0000027164dbac60 ConcurrentGCThread "G1 Refine#3" [stack: 0x000000b479700000,0x000000b479800000] [id=26912]
  0x000002715f8e9500 ConcurrentGCThread "G1 Service" [stack: 0x000000b473200000,0x000000b473300000] [id=37536]

Threads with active compile tasks:

VM state: at safepoint (normal execution)

VM Mutex/Monitor currently owned by a thread:  ([mutex/lock_event])
[0x0000027144479820] Threads_lock - owner thread: 0x000002715fa64d30
[0x0000027144479d30] Heap_lock - owner thread: 0x0000027168928390

Heap address: 0x00000000c0000000, size: 1024 MB, Compressed Oops mode: 32-bit

CDS archive(s) mapped at: [0x0000000800000000-0x0000000800bc0000-0x0000000800bc0000), size 12320768, SharedBaseAddress: 0x0000000800000000, ArchiveRelocationMode: 0.
Compressed class space mapped at: 0x0000000800c00000-0x0000000840c00000, reserved size: 1073741824
Narrow klass base: 0x0000000800000000, Narrow klass shift: 0, Narrow klass range: 0x100000000

GC Precious Log:
 CPUs: 4 total, 4 available
 Memory: 16323M
 Large Page Support: Disabled
 NUMA Support: Disabled
 Compressed Oops: Enabled (32-bit)
 Heap Region Size: 1M
 Heap Min Capacity: 8M
 Heap Initial Capacity: 256M
 Heap Max Capacity: 1G
 Pre-touch: Disabled
 Parallel Workers: 4
 Concurrent Workers: 1
 Concurrent Refinement Workers: 4
 Periodic GC: Disabled

Heap:
 garbage-first heap   total 268288K, used 186201K [0x00000000c0000000, 0x0000000100000000)
  region size 1024K, 6 young (6144K), 6 survivors (6144K)
 Metaspace       used 96237K, committed 96960K, reserved 1138688K
  class space    used 12131K, committed 12480K, reserved 1048576K

Heap Regions: E=young(eden), S=young(survivor), O=old, HS=humongous(starts), HC=humongous(continues), CS=collection set, F=free, OA=open archive, CA=closed archive, TAMS=top-at-mark-start (previous, next)
|   0|0x00000000c0000000, 0x00000000c0100000, 0x00000000c0100000|100%|HS|  |TAMS 0x00000000c0100000, 0x00000000c0100000| Complete 
|   1|0x00000000c0100000, 0x00000000c0200000, 0x00000000c0200000|100%|HC|  |TAMS 0x00000000c0200000, 0x00000000c0200000| Complete 
|   2|0x00000000c0200000, 0x00000000c0300000, 0x00000000c0300000|100%|HC|  |TAMS 0x00000000c0300000, 0x00000000c0300000| Complete 
|   3|0x00000000c0300000, 0x00000000c03ffff8, 0x00000000c0400000| 99%| O|  |TAMS 0x00000000c03ffff8, 0x00000000c03ffff8| Untracked 
|   4|0x00000000c0400000, 0x00000000c04fffd0, 0x00000000c0500000| 99%| O|  |TAMS 0x00000000c04fffd0, 0x00000000c04fffd0| Untracked 
|   5|0x00000000c0500000, 0x00000000c0600000, 0x00000000c0600000|100%| O|  |TAMS 0x00000000c0600000, 0x00000000c0600000| Untracked 
|   6|0x00000000c0600000, 0x00000000c06fffe0, 0x00000000c0700000| 99%| O|  |TAMS 0x00000000c06fffe0, 0x00000000c06fffe0| Untracked 
|   7|0x00000000c0700000, 0x00000000c07dc350, 0x00000000c0800000| 86%| O|  |TAMS 0x00000000c07dc350, 0x00000000c07dc350| Untracked 
|   8|0x00000000c0800000, 0x00000000c08fb4a0, 0x00000000c0900000| 98%| O|  |TAMS 0x00000000c08fb4a0, 0x00000000c08fb4a0| Untracked 
|   9|0x00000000c0900000, 0x00000000c0a00000, 0x00000000c0a00000|100%| O|  |TAMS 0x00000000c0a00000, 0x00000000c0a00000| Untracked 
|  10|0x00000000c0a00000, 0x00000000c0afffe8, 0x00000000c0b00000| 99%| O|  |TAMS 0x00000000c0afffe8, 0x00000000c0afffe8| Untracked 
|  11|0x00000000c0b00000, 0x00000000c0bfffd0, 0x00000000c0c00000| 99%| O|  |TAMS 0x00000000c0bfffd0, 0x00000000c0bfffd0| Untracked 
|  12|0x00000000c0c00000, 0x00000000c0cffff8, 0x00000000c0d00000| 99%| O|  |TAMS 0x00000000c0cffff8, 0x00000000c0cffff8| Untracked 
|  13|0x00000000c0d00000, 0x00000000c0dfffe0, 0x00000000c0e00000| 99%| O|  |TAMS 0x00000000c0dfffe0, 0x00000000c0dfffe0| Untracked 
|  14|0x00000000c0e00000, 0x00000000c0efffe8, 0x00000000c0f00000| 99%| O|  |TAMS 0x00000000c0efffe8, 0x00000000c0efffe8| Untracked 
|  15|0x00000000c0f00000, 0x00000000c0ffffe8, 0x00000000c1000000| 99%| O|  |TAMS 0x00000000c0ffffe8, 0x00000000c0ffffe8| Untracked 
|  16|0x00000000c1000000, 0x00000000c10ffff0, 0x00000000c1100000| 99%| O|  |TAMS 0x00000000c10ffff0, 0x00000000c10ffff0| Untracked 
|  17|0x00000000c1100000, 0x00000000c11ffff8, 0x00000000c1200000| 99%| O|  |TAMS 0x00000000c11ffff8, 0x00000000c11ffff8| Untracked 
|  18|0x00000000c1200000, 0x00000000c12ffff0, 0x00000000c1300000| 99%| O|  |TAMS 0x00000000c12ffff0, 0x00000000c12ffff0| Untracked 
|  19|0x00000000c1300000, 0x00000000c13ffff8, 0x00000000c1400000| 99%| O|  |TAMS 0x00000000c13ffff8, 0x00000000c13ffff8| Untracked 
|  20|0x00000000c1400000, 0x00000000c14ffff0, 0x00000000c1500000| 99%| O|  |TAMS 0x00000000c14ffff0, 0x00000000c14ffff0| Untracked 
|  21|0x00000000c1500000, 0x00000000c1600000, 0x00000000c1600000|100%| O|  |TAMS 0x00000000c1600000, 0x00000000c1600000| Untracked 
|  22|0x00000000c1600000, 0x00000000c16fffc0, 0x00000000c1700000| 99%| O|  |TAMS 0x00000000c16fffc0, 0x00000000c16fffc0| Untracked 
|  23|0x00000000c1700000, 0x00000000c17fffe8, 0x00000000c1800000| 99%| O|  |TAMS 0x00000000c17fffe8, 0x00000000c17fffe8| Untracked 
|  24|0x00000000c1800000, 0x00000000c1900000, 0x00000000c1900000|100%| O|  |TAMS 0x00000000c1900000, 0x00000000c1900000| Untracked 
|  25|0x00000000c1900000, 0x00000000c19feff8, 0x00000000c1a00000| 99%| O|  |TAMS 0x00000000c19feff8, 0x00000000c19feff8| Untracked 
|  26|0x00000000c1a00000, 0x00000000c1afffb0, 0x00000000c1b00000| 99%| O|  |TAMS 0x00000000c1afffb0, 0x00000000c1afffb0| Untracked 
|  27|0x00000000c1b00000, 0x00000000c1bfffa0, 0x00000000c1c00000| 99%| O|  |TAMS 0x00000000c1bfffa0, 0x00000000c1bfffa0| Untracked 
|  28|0x00000000c1c00000, 0x00000000c1d00000, 0x00000000c1d00000|100%|HS|  |TAMS 0x00000000c1d00000, 0x00000000c1d00000| Complete 
|  29|0x00000000c1d00000, 0x00000000c1e00000, 0x00000000c1e00000|100%| O|  |TAMS 0x00000000c1e00000, 0x00000000c1e00000| Untracked 
|  30|0x00000000c1e00000, 0x00000000c1effff0, 0x00000000c1f00000| 99%| O|  |TAMS 0x00000000c1effff0, 0x00000000c1effff0| Untracked 
|  31|0x00000000c1f00000, 0x00000000c1ffffe0, 0x00000000c2000000| 99%| O|  |TAMS 0x00000000c1ffffe0, 0x00000000c1ffffe0| Untracked 
|  32|0x00000000c2000000, 0x00000000c20ffff8, 0x00000000c2100000| 99%| O|  |TAMS 0x00000000c20ffff8, 0x00000000c20ffff8| Untracked 
|  33|0x00000000c2100000, 0x00000000c21fffc8, 0x00000000c2200000| 99%| O|  |TAMS 0x00000000c21fffc8, 0x00000000c21fffc8| Untracked 
|  34|0x00000000c2200000, 0x00000000c22ffff8, 0x00000000c2300000| 99%| O|  |TAMS 0x00000000c22ffff8, 0x00000000c22ffff8| Untracked 
|  35|0x00000000c2300000, 0x00000000c23ff998, 0x00000000c2400000| 99%| O|  |TAMS 0x00000000c23ff998, 0x00000000c23ff998| Untracked 
|  36|0x00000000c2400000, 0x00000000c24ffff0, 0x00000000c2500000| 99%| O|  |TAMS 0x00000000c24ffff0, 0x00000000c24ffff0| Untracked 
|  37|0x00000000c2500000, 0x00000000c25ffff0, 0x00000000c2600000| 99%| O|  |TAMS 0x00000000c25ffff0, 0x00000000c25ffff0| Untracked 
|  38|0x00000000c2600000, 0x00000000c26ff0c8, 0x00000000c2700000| 99%| O|  |TAMS 0x00000000c26ff0c8, 0x00000000c26ff0c8| Untracked 
|  39|0x00000000c2700000, 0x00000000c27fffd0, 0x00000000c2800000| 99%| O|  |TAMS 0x00000000c27fffd0, 0x00000000c27fffd0| Untracked 
|  40|0x00000000c2800000, 0x00000000c28fa458, 0x00000000c2900000| 97%| O|  |TAMS 0x00000000c28fa458, 0x00000000c28fa458| Untracked 
|  41|0x00000000c2900000, 0x00000000c29ffff8, 0x00000000c2a00000| 99%| O|  |TAMS 0x00000000c29ffff8, 0x00000000c29ffff8| Untracked 
|  42|0x00000000c2a00000, 0x00000000c2b00000, 0x00000000c2b00000|100%| O|  |TAMS 0x00000000c2b00000, 0x00000000c2b00000| Untracked 
|  43|0x00000000c2b00000, 0x00000000c2c00000, 0x00000000c2c00000|100%| O|  |TAMS 0x00000000c2c00000, 0x00000000c2c00000| Untracked 
|  44|0x00000000c2c00000, 0x00000000c2cffff8, 0x00000000c2d00000| 99%| O|  |TAMS 0x00000000c2cffff8, 0x00000000c2cffff8| Untracked 
|  45|0x00000000c2d00000, 0x00000000c2dff878, 0x00000000c2e00000| 99%| O|  |TAMS 0x00000000c2dff878, 0x00000000c2dff878| Untracked 
|  46|0x00000000c2e00000, 0x00000000c2effff0, 0x00000000c2f00000| 99%| O|  |TAMS 0x00000000c2effff0, 0x00000000c2effff0| Untracked 
|  47|0x00000000c2f00000, 0x00000000c2ffffd0, 0x00000000c3000000| 99%| O|  |TAMS 0x00000000c2ffffd0, 0x00000000c2ffffd0| Untracked 
|  48|0x00000000c3000000, 0x00000000c3100000, 0x00000000c3100000|100%| O|  |TAMS 0x00000000c3100000, 0x00000000c3100000| Untracked 
|  49|0x00000000c3100000, 0x00000000c31ffff8, 0x00000000c3200000| 99%| O|  |TAMS 0x00000000c31ffff8, 0x00000000c31ffff8| Untracked 
|  50|0x00000000c3200000, 0x00000000c32ff688, 0x00000000c3300000| 99%| O|  |TAMS 0x00000000c32ff688, 0x00000000c32ff688| Untracked 
|  51|0x00000000c3300000, 0x00000000c33fffc8, 0x00000000c3400000| 99%| O|  |TAMS 0x00000000c33fffc8, 0x00000000c33fffc8| Untracked 
|  52|0x00000000c3400000, 0x00000000c3500000, 0x00000000c3500000|100%| O|  |TAMS 0x00000000c3400000, 0x00000000c3400000| Untracked 
|  53|0x00000000c3500000, 0x00000000c3600000, 0x00000000c3600000|100%| O|  |TAMS 0x00000000c3600000, 0x00000000c3600000| Untracked 
|  54|0x00000000c3600000, 0x00000000c3700000, 0x00000000c3700000|100%| O|  |TAMS 0x00000000c3700000, 0x00000000c3700000| Untracked 
|  55|0x00000000c3700000, 0x00000000c3800000, 0x00000000c3800000|100%| O|  |TAMS 0x00000000c3700000, 0x00000000c3800000| Untracked 
|  56|0x00000000c3800000, 0x00000000c3900000, 0x00000000c3900000|100%| O|  |TAMS 0x00000000c3800000, 0x00000000c3900000| Untracked 
|  57|0x00000000c3900000, 0x00000000c3a00000, 0x00000000c3a00000|100%| O|  |TAMS 0x00000000c3a00000, 0x00000000c3a00000| Untracked 
|  58|0x00000000c3a00000, 0x00000000c3b00000, 0x00000000c3b00000|100%| O|  |TAMS 0x00000000c3a00000, 0x00000000c3a00000| Untracked 
|  59|0x00000000c3b00000, 0x00000000c3c00000, 0x00000000c3c00000|100%| O|  |TAMS 0x00000000c3c00000, 0x00000000c3c00000| Untracked 
|  60|0x00000000c3c00000, 0x00000000c3d00000, 0x00000000c3d00000|100%| O|  |TAMS 0x00000000c3d00000, 0x00000000c3d00000| Untracked 
|  61|0x00000000c3d00000, 0x00000000c3e00000, 0x00000000c3e00000|100%| O|  |TAMS 0x00000000c3d00000, 0x00000000c3d00000| Untracked 
|  62|0x00000000c3e00000, 0x00000000c3efffd0, 0x00000000c3f00000| 99%| O|  |TAMS 0x00000000c3efffd0, 0x00000000c3efffd0| Untracked 
|  63|0x00000000c3f00000, 0x00000000c4000000, 0x00000000c4000000|100%| O|  |TAMS 0x00000000c4000000, 0x00000000c4000000| Untracked 
|  64|0x00000000c4000000, 0x00000000c408bfa0, 0x00000000c4100000| 54%| O|  |TAMS 0x00000000c408bfa0, 0x00000000c408bfa0| Untracked 
|  65|0x00000000c4100000, 0x00000000c4200000, 0x00000000c4200000|100%| O|  |TAMS 0x00000000c4200000, 0x00000000c4200000| Untracked 
|  66|0x00000000c4200000, 0x00000000c4300000, 0x00000000c4300000|100%| O|  |TAMS 0x00000000c4300000, 0x00000000c4300000| Untracked 
|  67|0x00000000c4300000, 0x00000000c4400000, 0x00000000c4400000|100%| O|  |TAMS 0x00000000c4400000, 0x00000000c4400000| Untracked 
|  68|0x00000000c4400000, 0x00000000c4500000, 0x00000000c4500000|100%| O|  |TAMS 0x00000000c4400000, 0x00000000c4400000| Untracked 
|  69|0x00000000c4500000, 0x00000000c4600000, 0x00000000c4600000|100%| O|  |TAMS 0x00000000c4500000, 0x00000000c4500000| Untracked 
|  70|0x00000000c4600000, 0x00000000c46ee7f8, 0x00000000c4700000| 93%| O|  |TAMS 0x00000000c46ee7f8, 0x00000000c46ee7f8| Untracked 
|  71|0x00000000c4700000, 0x00000000c4800000, 0x00000000c4800000|100%|HS|  |TAMS 0x00000000c4800000, 0x00000000c4800000| Complete 
|  72|0x00000000c4800000, 0x00000000c4900000, 0x00000000c4900000|100%|HC|  |TAMS 0x00000000c4900000, 0x00000000c4900000| Complete 
|  73|0x00000000c4900000, 0x00000000c4a00000, 0x00000000c4a00000|100%|HS|  |TAMS 0x00000000c4a00000, 0x00000000c4a00000| Complete 
|  74|0x00000000c4a00000, 0x00000000c4b00000, 0x00000000c4b00000|100%|HC|  |TAMS 0x00000000c4b00000, 0x00000000c4b00000| Complete 
|  75|0x00000000c4b00000, 0x00000000c4c00000, 0x00000000c4c00000|100%|HS|  |TAMS 0x00000000c4c00000, 0x00000000c4c00000| Complete 
|  76|0x00000000c4c00000, 0x00000000c4d00000, 0x00000000c4d00000|100%|HC|  |TAMS 0x00000000c4d00000, 0x00000000c4d00000| Complete 
|  77|0x00000000c4d00000, 0x00000000c4e00000, 0x00000000c4e00000|100%| O|  |TAMS 0x00000000c4e00000, 0x00000000c4e00000| Untracked 
|  78|0x00000000c4e00000, 0x00000000c4f00000, 0x00000000c4f00000|100%| O|  |TAMS 0x00000000c4e00000, 0x00000000c4e00000| Untracked 
|  79|0x00000000c4f00000, 0x00000000c5000000, 0x00000000c5000000|100%| O|  |TAMS 0x00000000c5000000, 0x00000000c5000000| Untracked 
|  80|0x00000000c5000000, 0x00000000c5100000, 0x00000000c5100000|100%| O|  |TAMS 0x00000000c5100000, 0x00000000c5100000| Untracked 
|  81|0x00000000c5100000, 0x00000000c5200000, 0x00000000c5200000|100%| O|  |TAMS 0x00000000c5200000, 0x00000000c5200000| Untracked 
|  82|0x00000000c5200000, 0x00000000c5300000, 0x00000000c5300000|100%| O|  |TAMS 0x00000000c5300000, 0x00000000c5300000| Untracked 
|  83|0x00000000c5300000, 0x00000000c5400000, 0x00000000c5400000|100%| O|  |TAMS 0x00000000c5400000, 0x00000000c5400000| Untracked 
|  84|0x00000000c5400000, 0x00000000c5500000, 0x00000000c5500000|100%| O|  |TAMS 0x00000000c5500000, 0x00000000c5500000| Untracked 
|  85|0x00000000c5500000, 0x00000000c5600000, 0x00000000c5600000|100%| O|  |TAMS 0x00000000c5600000, 0x00000000c5600000| Untracked 
|  86|0x00000000c5600000, 0x00000000c5700000, 0x00000000c5700000|100%| O|  |TAMS 0x00000000c5700000, 0x00000000c5700000| Untracked 
|  87|0x00000000c5700000, 0x00000000c5800000, 0x00000000c5800000|100%| O|  |TAMS 0x00000000c5800000, 0x00000000c5800000| Untracked 
|  88|0x00000000c5800000, 0x00000000c5900000, 0x00000000c5900000|100%| O|  |TAMS 0x00000000c5900000, 0x00000000c5900000| Untracked 
|  89|0x00000000c5900000, 0x00000000c5a00000, 0x00000000c5a00000|100%| O|  |TAMS 0x00000000c5900000, 0x00000000c5900000| Untracked 
|  90|0x00000000c5a00000, 0x00000000c5b00000, 0x00000000c5b00000|100%| O|  |TAMS 0x00000000c5b00000, 0x00000000c5b00000| Untracked 
|  91|0x00000000c5b00000, 0x00000000c5c00000, 0x00000000c5c00000|100%| O|  |TAMS 0x00000000c5c00000, 0x00000000c5c00000| Untracked 
|  92|0x00000000c5c00000, 0x00000000c5d00000, 0x00000000c5d00000|100%| O|  |TAMS 0x00000000c5d00000, 0x00000000c5d00000| Untracked 
|  93|0x00000000c5d00000, 0x00000000c5e00000, 0x00000000c5e00000|100%| O|  |TAMS 0x00000000c5e00000, 0x00000000c5e00000| Untracked 
|  94|0x00000000c5e00000, 0x00000000c5f00000, 0x00000000c5f00000|100%| O|  |TAMS 0x00000000c5f00000, 0x00000000c5f00000| Untracked 
|  95|0x00000000c5f00000, 0x00000000c6000000, 0x00000000c6000000|100%| O|  |TAMS 0x00000000c6000000, 0x00000000c6000000| Untracked 
|  96|0x00000000c6000000, 0x00000000c6100000, 0x00000000c6100000|100%| O|  |TAMS 0x00000000c6100000, 0x00000000c6100000| Untracked 
|  97|0x00000000c6100000, 0x00000000c6200000, 0x00000000c6200000|100%| O|  |TAMS 0x00000000c6200000, 0x00000000c6200000| Untracked 
|  98|0x00000000c6200000, 0x00000000c6300000, 0x00000000c6300000|100%| O|  |TAMS 0x00000000c6300000, 0x00000000c6300000| Untracked 
|  99|0x00000000c6300000, 0x00000000c6400000, 0x00000000c6400000|100%| O|  |TAMS 0x00000000c6400000, 0x00000000c6400000| Untracked 
| 100|0x00000000c6400000, 0x00000000c6500000, 0x00000000c6500000|100%| O|  |TAMS 0x00000000c6500000, 0x00000000c6500000| Untracked 
| 101|0x00000000c6500000, 0x00000000c6600000, 0x00000000c6600000|100%| O|  |TAMS 0x00000000c6600000, 0x00000000c6600000| Untracked 
| 102|0x00000000c6600000, 0x00000000c6700000, 0x00000000c6700000|100%| O|  |TAMS 0x00000000c6700000, 0x00000000c6700000| Untracked 
| 103|0x00000000c6700000, 0x00000000c6800000, 0x00000000c6800000|100%| O|  |TAMS 0x00000000c6800000, 0x00000000c6800000| Untracked 
| 104|0x00000000c6800000, 0x00000000c6900000, 0x00000000c6900000|100%| O|  |TAMS 0x00000000c6900000, 0x00000000c6900000| Untracked 
| 105|0x00000000c6900000, 0x00000000c6a00000, 0x00000000c6a00000|100%| O|  |TAMS 0x00000000c6a00000, 0x00000000c6a00000| Untracked 
| 106|0x00000000c6a00000, 0x00000000c6b00000, 0x00000000c6b00000|100%| O|  |TAMS 0x00000000c6b00000, 0x00000000c6b00000| Untracked 
| 107|0x00000000c6b00000, 0x00000000c6c00000, 0x00000000c6c00000|100%| O|  |TAMS 0x00000000c6c00000, 0x00000000c6c00000| Untracked 
| 108|0x00000000c6c00000, 0x00000000c6d00000, 0x00000000c6d00000|100%| O|  |TAMS 0x00000000c6d00000, 0x00000000c6d00000| Untracked 
| 109|0x00000000c6d00000, 0x00000000c6e00000, 0x00000000c6e00000|100%| O|  |TAMS 0x00000000c6e00000, 0x00000000c6e00000| Untracked 
| 110|0x00000000c6e00000, 0x00000000c6f00000, 0x00000000c6f00000|100%| O|  |TAMS 0x00000000c6f00000, 0x00000000c6f00000| Untracked 
| 111|0x00000000c6f00000, 0x00000000c7000000, 0x00000000c7000000|100%| O|  |TAMS 0x00000000c7000000, 0x00000000c7000000| Untracked 
| 112|0x00000000c7000000, 0x00000000c7100000, 0x00000000c7100000|100%| O|  |TAMS 0x00000000c7100000, 0x00000000c7100000| Untracked 
| 113|0x00000000c7100000, 0x00000000c7200000, 0x00000000c7200000|100%| O|  |TAMS 0x00000000c7200000, 0x00000000c7200000| Untracked 
| 114|0x00000000c7200000, 0x00000000c7300000, 0x00000000c7300000|100%| O|  |TAMS 0x00000000c7300000, 0x00000000c7300000| Untracked 
| 115|0x00000000c7300000, 0x00000000c7400000, 0x00000000c7400000|100%| O|  |TAMS 0x00000000c7400000, 0x00000000c7400000| Untracked 
| 116|0x00000000c7400000, 0x00000000c7500000, 0x00000000c7500000|100%| O|  |TAMS 0x00000000c7500000, 0x00000000c7500000| Untracked 
| 117|0x00000000c7500000, 0x00000000c7600000, 0x00000000c7600000|100%| O|  |TAMS 0x00000000c7600000, 0x00000000c7600000| Untracked 
| 118|0x00000000c7600000, 0x00000000c7700000, 0x00000000c7700000|100%| O|  |TAMS 0x00000000c7700000, 0x00000000c7700000| Untracked 
| 119|0x00000000c7700000, 0x00000000c7800000, 0x00000000c7800000|100%| O|  |TAMS 0x00000000c7800000, 0x00000000c7800000| Untracked 
| 120|0x00000000c7800000, 0x00000000c7900000, 0x00000000c7900000|100%| O|  |TAMS 0x00000000c7900000, 0x00000000c7900000| Untracked 
| 121|0x00000000c7900000, 0x00000000c7a00000, 0x00000000c7a00000|100%| O|  |TAMS 0x00000000c7a00000, 0x00000000c7a00000| Untracked 
| 122|0x00000000c7a00000, 0x00000000c7b00000, 0x00000000c7b00000|100%| O|  |TAMS 0x00000000c7b00000, 0x00000000c7b00000| Untracked 
| 123|0x00000000c7b00000, 0x00000000c7c00000, 0x00000000c7c00000|100%| O|  |TAMS 0x00000000c7b80000, 0x00000000c7c00000| Untracked 
| 124|0x00000000c7c00000, 0x00000000c7d00000, 0x00000000c7d00000|100%| O|  |TAMS 0x00000000c7c00000, 0x00000000c7d00000| Untracked 
| 125|0x00000000c7d00000, 0x00000000c7e00000, 0x00000000c7e00000|100%| O|  |TAMS 0x00000000c7d00000, 0x00000000c7e00000| Untracked 
| 126|0x00000000c7e00000, 0x00000000c7f00000, 0x00000000c7f00000|100%| O|  |TAMS 0x00000000c7e00000, 0x00000000c7f00000| Untracked 
| 127|0x00000000c7f00000, 0x00000000c8000000, 0x00000000c8000000|100%| O|  |TAMS 0x00000000c7f00000, 0x00000000c8000000| Untracked 
| 128|0x00000000c8000000, 0x00000000c8100000, 0x00000000c8100000|100%| O|  |TAMS 0x00000000c8000000, 0x00000000c8100000| Untracked 
| 129|0x00000000c8100000, 0x00000000c8200000, 0x00000000c8200000|100%| O|  |TAMS 0x00000000c8100000, 0x00000000c8200000| Untracked 
| 130|0x00000000c8200000, 0x00000000c8300000, 0x00000000c8300000|100%| O|  |TAMS 0x00000000c8200000, 0x00000000c8300000| Untracked 
| 131|0x00000000c8300000, 0x00000000c8400000, 0x00000000c8400000|100%| O|  |TAMS 0x00000000c8300000, 0x00000000c8400000| Untracked 
| 132|0x00000000c8400000, 0x00000000c8500000, 0x00000000c8500000|100%| O|  |TAMS 0x00000000c8400000, 0x00000000c8500000| Untracked 
| 133|0x00000000c8500000, 0x00000000c8600000, 0x00000000c8600000|100%| O|  |TAMS 0x00000000c8500000, 0x00000000c8600000| Untracked 
| 134|0x00000000c8600000, 0x00000000c8700000, 0x00000000c8700000|100%| O|  |TAMS 0x00000000c8600000, 0x00000000c8700000| Untracked 
| 135|0x00000000c8700000, 0x00000000c8800000, 0x00000000c8800000|100%| O|  |TAMS 0x00000000c8700000, 0x00000000c8800000| Untracked 
| 136|0x00000000c8800000, 0x00000000c8900000, 0x00000000c8900000|100%| O|  |TAMS 0x00000000c8800000, 0x00000000c8900000| Untracked 
| 137|0x00000000c8900000, 0x00000000c8a00000, 0x00000000c8a00000|100%| O|  |TAMS 0x00000000c8900000, 0x00000000c8a00000| Untracked 
| 138|0x00000000c8a00000, 0x00000000c8b00000, 0x00000000c8b00000|100%| O|  |TAMS 0x00000000c8a00000, 0x00000000c8b00000| Untracked 
| 139|0x00000000c8b00000, 0x00000000c8c00000, 0x00000000c8c00000|100%| O|  |TAMS 0x00000000c8b00000, 0x00000000c8c00000| Untracked 
| 140|0x00000000c8c00000, 0x00000000c8d00000, 0x00000000c8d00000|100%| O|  |TAMS 0x00000000c8c00000, 0x00000000c8d00000| Untracked 
| 141|0x00000000c8d00000, 0x00000000c8e00000, 0x00000000c8e00000|100%| O|  |TAMS 0x00000000c8d00000, 0x00000000c8e00000| Untracked 
| 142|0x00000000c8e00000, 0x00000000c8f00000, 0x00000000c8f00000|100%| O|  |TAMS 0x00000000c8e00000, 0x00000000c8f00000| Untracked 
| 143|0x00000000c8f00000, 0x00000000c9000000, 0x00000000c9000000|100%| O|  |TAMS 0x00000000c8f00000, 0x00000000c9000000| Untracked 
| 144|0x00000000c9000000, 0x00000000c9100000, 0x00000000c9100000|100%| O|  |TAMS 0x00000000c9000000, 0x00000000c9100000| Untracked 
| 145|0x00000000c9100000, 0x00000000c9200000, 0x00000000c9200000|100%| O|  |TAMS 0x00000000c9100000, 0x00000000c9200000| Untracked 
| 146|0x00000000c9200000, 0x00000000c9300000, 0x00000000c9300000|100%| O|  |TAMS 0x00000000c9200000, 0x00000000c9300000| Untracked 
| 147|0x00000000c9300000, 0x00000000c9400000, 0x00000000c9400000|100%| O|  |TAMS 0x00000000c9300000, 0x00000000c9400000| Untracked 
| 148|0x00000000c9400000, 0x00000000c9500000, 0x00000000c9500000|100%| O|  |TAMS 0x00000000c9400000, 0x00000000c9500000| Untracked 
| 149|0x00000000c9500000, 0x00000000c9600000, 0x00000000c9600000|100%| O|  |TAMS 0x00000000c9500000, 0x00000000c9600000| Untracked 
| 150|0x00000000c9600000, 0x00000000c9700000, 0x00000000c9700000|100%| O|  |TAMS 0x00000000c9600000, 0x00000000c9700000| Untracked 
| 151|0x00000000c9700000, 0x00000000c9800000, 0x00000000c9800000|100%| O|  |TAMS 0x00000000c9700000, 0x00000000c9800000| Untracked 
| 152|0x00000000c9800000, 0x00000000c9900000, 0x00000000c9900000|100%| O|  |TAMS 0x00000000c9800000, 0x00000000c9900000| Untracked 
| 153|0x00000000c9900000, 0x00000000c9a00000, 0x00000000c9a00000|100%| O|  |TAMS 0x00000000c9900000, 0x00000000c9a00000| Untracked 
| 154|0x00000000c9a00000, 0x00000000c9b00000, 0x00000000c9b00000|100%| O|  |TAMS 0x00000000c9a00000, 0x00000000c9b00000| Untracked 
| 155|0x00000000c9b00000, 0x00000000c9c00000, 0x00000000c9c00000|100%| O|  |TAMS 0x00000000c9b00000, 0x00000000c9c00000| Untracked 
| 156|0x00000000c9c00000, 0x00000000c9d00000, 0x00000000c9d00000|100%| O|  |TAMS 0x00000000c9c00000, 0x00000000c9d00000| Untracked 
| 157|0x00000000c9d00000, 0x00000000c9e00000, 0x00000000c9e00000|100%| O|  |TAMS 0x00000000c9d00000, 0x00000000c9e00000| Untracked 
| 158|0x00000000c9e00000, 0x00000000c9f00000, 0x00000000c9f00000|100%| O|  |TAMS 0x00000000c9e00000, 0x00000000c9f00000| Untracked 
| 159|0x00000000c9f00000, 0x00000000ca000000, 0x00000000ca000000|100%| O|  |TAMS 0x00000000c9f00000, 0x00000000ca000000| Untracked 
| 160|0x00000000ca000000, 0x00000000ca100000, 0x00000000ca100000|100%| O|  |TAMS 0x00000000ca000000, 0x00000000ca100000| Untracked 
| 161|0x00000000ca100000, 0x00000000ca200000, 0x00000000ca200000|100%| O|  |TAMS 0x00000000ca100000, 0x00000000ca200000| Untracked 
| 162|0x00000000ca200000, 0x00000000ca300000, 0x00000000ca300000|100%| O|  |TAMS 0x00000000ca200000, 0x00000000ca280000| Untracked 
| 163|0x00000000ca300000, 0x00000000ca400000, 0x00000000ca400000|100%| O|  |TAMS 0x00000000ca300000, 0x00000000ca300000| Untracked 
| 164|0x00000000ca400000, 0x00000000ca500000, 0x00000000ca500000|100%| O|  |TAMS 0x00000000ca400000, 0x00000000ca400000| Untracked 
| 165|0x00000000ca500000, 0x00000000ca600000, 0x00000000ca600000|100%| O|  |TAMS 0x00000000ca500000, 0x00000000ca500000| Untracked 
| 166|0x00000000ca600000, 0x00000000ca700000, 0x00000000ca700000|100%| O|  |TAMS 0x00000000ca600000, 0x00000000ca600000| Untracked 
| 167|0x00000000ca700000, 0x00000000ca800000, 0x00000000ca800000|100%| O|  |TAMS 0x00000000ca700000, 0x00000000ca700000| Untracked 
| 168|0x00000000ca800000, 0x00000000ca900000, 0x00000000ca900000|100%| O|  |TAMS 0x00000000ca800000, 0x00000000ca800000| Untracked 
| 169|0x00000000ca900000, 0x00000000caa00000, 0x00000000caa00000|100%| O|  |TAMS 0x00000000ca900000, 0x00000000ca900000| Untracked 
| 170|0x00000000caa00000, 0x00000000cab00000, 0x00000000cab00000|100%| O|  |TAMS 0x00000000caa00000, 0x00000000caa00000| Untracked 
| 171|0x00000000cab00000, 0x00000000cac00000, 0x00000000cac00000|100%| O|  |TAMS 0x00000000cab00000, 0x00000000cab00000| Untracked 
| 172|0x00000000cac00000, 0x00000000cad00000, 0x00000000cad00000|100%| O|  |TAMS 0x00000000cac00000, 0x00000000cac00000| Untracked 
| 173|0x00000000cad00000, 0x00000000cae00000, 0x00000000cae00000|100%| O|  |TAMS 0x00000000cad00000, 0x00000000cad00000| Untracked 
| 174|0x00000000cae00000, 0x00000000cae8dc00, 0x00000000caf00000| 55%| O|  |TAMS 0x00000000cae00000, 0x00000000cae00000| Untracked 
| 175|0x00000000caf00000, 0x00000000caf00000, 0x00000000cb000000|  0%| F|  |TAMS 0x00000000caf00000, 0x00000000caf00000| Untracked 
| 176|0x00000000cb000000, 0x00000000cb000000, 0x00000000cb100000|  0%| F|  |TAMS 0x00000000cb000000, 0x00000000cb000000| Untracked 
| 177|0x00000000cb100000, 0x00000000cb100000, 0x00000000cb200000|  0%| F|  |TAMS 0x00000000cb100000, 0x00000000cb100000| Untracked 
| 178|0x00000000cb200000, 0x00000000cb200000, 0x00000000cb300000|  0%| F|  |TAMS 0x00000000cb200000, 0x00000000cb200000| Untracked 
| 179|0x00000000cb300000, 0x00000000cb300000, 0x00000000cb400000|  0%| F|  |TAMS 0x00000000cb300000, 0x00000000cb300000| Untracked 
| 180|0x00000000cb400000, 0x00000000cb400000, 0x00000000cb500000|  0%| F|  |TAMS 0x00000000cb400000, 0x00000000cb400000| Untracked 
| 181|0x00000000cb500000, 0x00000000cb500000, 0x00000000cb600000|  0%| F|  |TAMS 0x00000000cb500000, 0x00000000cb500000| Untracked 
| 182|0x00000000cb600000, 0x00000000cb600000, 0x00000000cb700000|  0%| F|  |TAMS 0x00000000cb600000, 0x00000000cb600000| Untracked 
| 183|0x00000000cb700000, 0x00000000cb700000, 0x00000000cb800000|  0%| F|  |TAMS 0x00000000cb700000, 0x00000000cb700000| Untracked 
| 184|0x00000000cb800000, 0x00000000cb800000, 0x00000000cb900000|  0%| F|  |TAMS 0x00000000cb800000, 0x00000000cb800000| Untracked 
| 185|0x00000000cb900000, 0x00000000cb900000, 0x00000000cba00000|  0%| F|  |TAMS 0x00000000cb900000, 0x00000000cb900000| Untracked 
| 186|0x00000000cba00000, 0x00000000cba00000, 0x00000000cbb00000|  0%| F|  |TAMS 0x00000000cba00000, 0x00000000cba00000| Untracked 
| 187|0x00000000cbb00000, 0x00000000cbb00000, 0x00000000cbc00000|  0%| F|  |TAMS 0x00000000cbb00000, 0x00000000cbb00000| Untracked 
| 188|0x00000000cbc00000, 0x00000000cbc00000, 0x00000000cbd00000|  0%| F|  |TAMS 0x00000000cbc00000, 0x00000000cbc00000| Untracked 
| 189|0x00000000cbd00000, 0x00000000cbd00000, 0x00000000cbe00000|  0%| F|  |TAMS 0x00000000cbd00000, 0x00000000cbd00000| Untracked 
| 190|0x00000000cbe00000, 0x00000000cbe00000, 0x00000000cbf00000|  0%| F|  |TAMS 0x00000000cbe00000, 0x00000000cbe00000| Untracked 
| 191|0x00000000cbf00000, 0x00000000cbf00000, 0x00000000cc000000|  0%| F|  |TAMS 0x00000000cbf00000, 0x00000000cbf00000| Untracked 
| 192|0x00000000cc000000, 0x00000000cc000000, 0x00000000cc100000|  0%| F|  |TAMS 0x00000000cc000000, 0x00000000cc000000| Untracked 
| 193|0x00000000cc100000, 0x00000000cc100000, 0x00000000cc200000|  0%| F|  |TAMS 0x00000000cc100000, 0x00000000cc100000| Untracked 
| 194|0x00000000cc200000, 0x00000000cc200000, 0x00000000cc300000|  0%| F|  |TAMS 0x00000000cc200000, 0x00000000cc200000| Untracked 
| 195|0x00000000cc300000, 0x00000000cc300000, 0x00000000cc400000|  0%| F|  |TAMS 0x00000000cc300000, 0x00000000cc300000| Untracked 
| 196|0x00000000cc400000, 0x00000000cc400000, 0x00000000cc500000|  0%| F|  |TAMS 0x00000000cc400000, 0x00000000cc400000| Untracked 
| 197|0x00000000cc500000, 0x00000000cc500000, 0x00000000cc600000|  0%| F|  |TAMS 0x00000000cc500000, 0x00000000cc500000| Untracked 
| 198|0x00000000cc600000, 0x00000000cc600000, 0x00000000cc700000|  0%| F|  |TAMS 0x00000000cc600000, 0x00000000cc600000| Untracked 
| 199|0x00000000cc700000, 0x00000000cc700000, 0x00000000cc800000|  0%| F|  |TAMS 0x00000000cc700000, 0x00000000cc700000| Untracked 
| 200|0x00000000cc800000, 0x00000000cc800000, 0x00000000cc900000|  0%| F|  |TAMS 0x00000000cc800000, 0x00000000cc800000| Untracked 
| 201|0x00000000cc900000, 0x00000000cc900000, 0x00000000cca00000|  0%| F|  |TAMS 0x00000000cc900000, 0x00000000cc900000| Untracked 
| 202|0x00000000cca00000, 0x00000000cca00000, 0x00000000ccb00000|  0%| F|  |TAMS 0x00000000cca00000, 0x00000000cca00000| Untracked 
| 203|0x00000000ccb00000, 0x00000000ccc00000, 0x00000000ccc00000|100%| O|  |TAMS 0x00000000ccc00000, 0x00000000ccc00000| Untracked 
| 204|0x00000000ccc00000, 0x00000000ccd00000, 0x00000000ccd00000|100%| O|  |TAMS 0x00000000ccd00000, 0x00000000ccd00000| Untracked 
| 205|0x00000000ccd00000, 0x00000000ccd00000, 0x00000000cce00000|  0%| F|  |TAMS 0x00000000ccd00000, 0x00000000ccd00000| Untracked 
| 206|0x00000000cce00000, 0x00000000cce00000, 0x00000000ccf00000|  0%| F|  |TAMS 0x00000000cce00000, 0x00000000cce00000| Untracked 
| 207|0x00000000ccf00000, 0x00000000ccf00000, 0x00000000cd000000|  0%| F|  |TAMS 0x00000000ccf00000, 0x00000000ccf00000| Untracked 
| 208|0x00000000cd000000, 0x00000000cd000000, 0x00000000cd100000|  0%| F|  |TAMS 0x00000000cd000000, 0x00000000cd000000| Untracked 
| 209|0x00000000cd100000, 0x00000000cd100000, 0x00000000cd200000|  0%| F|  |TAMS 0x00000000cd100000, 0x00000000cd100000| Untracked 
| 210|0x00000000cd200000, 0x00000000cd200000, 0x00000000cd300000|  0%| F|  |TAMS 0x00000000cd200000, 0x00000000cd200000| Untracked 
| 211|0x00000000cd300000, 0x00000000cd300000, 0x00000000cd400000|  0%| F|  |TAMS 0x00000000cd300000, 0x00000000cd300000| Untracked 
| 212|0x00000000cd400000, 0x00000000cd500000, 0x00000000cd500000|100%| S|CS|TAMS 0x00000000cd400000, 0x00000000cd400000| Complete 
| 213|0x00000000cd500000, 0x00000000cd600000, 0x00000000cd600000|100%| S|CS|TAMS 0x00000000cd500000, 0x00000000cd500000| Complete 
| 214|0x00000000cd600000, 0x00000000cd700000, 0x00000000cd700000|100%| S|CS|TAMS 0x00000000cd600000, 0x00000000cd600000| Complete 
| 215|0x00000000cd700000, 0x00000000cd800000, 0x00000000cd800000|100%| S|CS|TAMS 0x00000000cd700000, 0x00000000cd700000| Complete 
| 216|0x00000000cd800000, 0x00000000cd800000, 0x00000000cd900000|  0%| F|  |TAMS 0x00000000cd800000, 0x00000000cd800000| Untracked 
| 217|0x00000000cd900000, 0x00000000cd900000, 0x00000000cda00000|  0%| F|  |TAMS 0x00000000cd900000, 0x00000000cd900000| Untracked 
| 218|0x00000000cda00000, 0x00000000cda00000, 0x00000000cdb00000|  0%| F|  |TAMS 0x00000000cda00000, 0x00000000cda00000| Untracked 
| 219|0x00000000cdb00000, 0x00000000cdb00000, 0x00000000cdc00000|  0%| F|  |TAMS 0x00000000cdb00000, 0x00000000cdb00000| Untracked 
| 220|0x00000000cdc00000, 0x00000000cdc00000, 0x00000000cdd00000|  0%| F|  |TAMS 0x00000000cdc00000, 0x00000000cdc00000| Untracked 
| 221|0x00000000cdd00000, 0x00000000cdd00000, 0x00000000cde00000|  0%| F|  |TAMS 0x00000000cdd00000, 0x00000000cdd00000| Untracked 
| 222|0x00000000cde00000, 0x00000000cdf00000, 0x00000000cdf00000|100%| S|CS|TAMS 0x00000000cde00000, 0x00000000cde00000| Complete 
| 223|0x00000000cdf00000, 0x00000000ce000000, 0x00000000ce000000|100%| S|CS|TAMS 0x00000000cdf00000, 0x00000000cdf00000| Complete 
| 224|0x00000000ce000000, 0x00000000ce000000, 0x00000000ce100000|  0%| F|  |TAMS 0x00000000ce000000, 0x00000000ce000000| Untracked 
| 225|0x00000000ce100000, 0x00000000ce100000, 0x00000000ce200000|  0%| F|  |TAMS 0x00000000ce100000, 0x00000000ce100000| Untracked 
| 226|0x00000000ce200000, 0x00000000ce200000, 0x00000000ce300000|  0%| F|  |TAMS 0x00000000ce200000, 0x00000000ce200000| Untracked 
| 227|0x00000000ce300000, 0x00000000ce300000, 0x00000000ce400000|  0%| F|  |TAMS 0x00000000ce300000, 0x00000000ce300000| Untracked 
| 228|0x00000000ce400000, 0x00000000ce400000, 0x00000000ce500000|  0%| F|  |TAMS 0x00000000ce400000, 0x00000000ce400000| Untracked 
| 229|0x00000000ce500000, 0x00000000ce500000, 0x00000000ce600000|  0%| F|  |TAMS 0x00000000ce500000, 0x00000000ce500000| Untracked 
| 230|0x00000000ce600000, 0x00000000ce600000, 0x00000000ce700000|  0%| F|  |TAMS 0x00000000ce600000, 0x00000000ce600000| Untracked 
| 231|0x00000000ce700000, 0x00000000ce700000, 0x00000000ce800000|  0%| F|  |TAMS 0x00000000ce700000, 0x00000000ce700000| Untracked 
| 232|0x00000000ce800000, 0x00000000ce800000, 0x00000000ce900000|  0%| F|  |TAMS 0x00000000ce800000, 0x00000000ce800000| Untracked 
| 233|0x00000000ce900000, 0x00000000ce900000, 0x00000000cea00000|  0%| F|  |TAMS 0x00000000ce900000, 0x00000000ce900000| Untracked 
| 234|0x00000000cea00000, 0x00000000cea00000, 0x00000000ceb00000|  0%| F|  |TAMS 0x00000000cea00000, 0x00000000cea00000| Untracked 
| 235|0x00000000ceb00000, 0x00000000ceb00000, 0x00000000cec00000|  0%| F|  |TAMS 0x00000000ceb00000, 0x00000000ceb00000| Untracked 
| 236|0x00000000cec00000, 0x00000000cec00000, 0x00000000ced00000|  0%| F|  |TAMS 0x00000000cec00000, 0x00000000cec00000| Untracked 
| 237|0x00000000ced00000, 0x00000000ced00000, 0x00000000cee00000|  0%| F|  |TAMS 0x00000000ced00000, 0x00000000ced00000| Untracked 
| 238|0x00000000cee00000, 0x00000000cee00000, 0x00000000cef00000|  0%| F|  |TAMS 0x00000000cee00000, 0x00000000cee00000| Untracked 
| 239|0x00000000cef00000, 0x00000000cef00000, 0x00000000cf000000|  0%| F|  |TAMS 0x00000000cef00000, 0x00000000cef00000| Untracked 
| 240|0x00000000cf000000, 0x00000000cf000000, 0x00000000cf100000|  0%| F|  |TAMS 0x00000000cf000000, 0x00000000cf000000| Untracked 
| 241|0x00000000cf100000, 0x00000000cf100000, 0x00000000cf200000|  0%| F|  |TAMS 0x00000000cf100000, 0x00000000cf100000| Untracked 
| 242|0x00000000cf200000, 0x00000000cf200000, 0x00000000cf300000|  0%| F|  |TAMS 0x00000000cf200000, 0x00000000cf200000| Untracked 
| 243|0x00000000cf300000, 0x00000000cf300000, 0x00000000cf400000|  0%| F|  |TAMS 0x00000000cf300000, 0x00000000cf300000| Untracked 
| 244|0x00000000cf400000, 0x00000000cf400000, 0x00000000cf500000|  0%| F|  |TAMS 0x00000000cf400000, 0x00000000cf400000| Untracked 
| 245|0x00000000cf500000, 0x00000000cf500000, 0x00000000cf600000|  0%| F|  |TAMS 0x00000000cf500000, 0x00000000cf500000| Untracked 
| 246|0x00000000cf600000, 0x00000000cf600000, 0x00000000cf700000|  0%| F|  |TAMS 0x00000000cf600000, 0x00000000cf600000| Untracked 
| 247|0x00000000cf700000, 0x00000000cf700000, 0x00000000cf800000|  0%| F|  |TAMS 0x00000000cf700000, 0x00000000cf700000| Untracked 
| 248|0x00000000cf800000, 0x00000000cf800000, 0x00000000cf900000|  0%| F|  |TAMS 0x00000000cf800000, 0x00000000cf800000| Untracked 
| 249|0x00000000cf900000, 0x00000000cf900000, 0x00000000cfa00000|  0%| F|  |TAMS 0x00000000cf900000, 0x00000000cf900000| Untracked 
| 250|0x00000000cfa00000, 0x00000000cfa00000, 0x00000000cfb00000|  0%| F|  |TAMS 0x00000000cfa00000, 0x00000000cfa00000| Untracked 
| 251|0x00000000cfb00000, 0x00000000cfb00000, 0x00000000cfc00000|  0%| F|  |TAMS 0x00000000cfb00000, 0x00000000cfb00000| Untracked 
| 252|0x00000000cfc00000, 0x00000000cfc00000, 0x00000000cfd00000|  0%| F|  |TAMS 0x00000000cfc00000, 0x00000000cfc00000| Untracked 
| 253|0x00000000cfd00000, 0x00000000cfd00000, 0x00000000cfe00000|  0%| F|  |TAMS 0x00000000cfd00000, 0x00000000cfd00000| Untracked 
| 254|0x00000000cfe00000, 0x00000000cfe00000, 0x00000000cff00000|  0%| F|  |TAMS 0x00000000cfe00000, 0x00000000cfe00000| Untracked 
| 255|0x00000000cff00000, 0x00000000cff00000, 0x00000000d0000000|  0%| F|  |TAMS 0x00000000cff00000, 0x00000000cff00000| Untracked 
| 256|0x00000000d0000000, 0x00000000d0000000, 0x00000000d0100000|  0%| F|  |TAMS 0x00000000d0000000, 0x00000000d0000000| Untracked 
| 257|0x00000000d0100000, 0x00000000d0100000, 0x00000000d0200000|  0%| F|  |TAMS 0x00000000d0100000, 0x00000000d0100000| Untracked 
| 258|0x00000000d0200000, 0x00000000d0200000, 0x00000000d0300000|  0%| F|  |TAMS 0x00000000d0200000, 0x00000000d0200000| Untracked 
| 259|0x00000000d0300000, 0x00000000d0300000, 0x00000000d0400000|  0%| F|  |TAMS 0x00000000d0300000, 0x00000000d0300000| Untracked 
| 260|0x00000000d0400000, 0x00000000d0400000, 0x00000000d0500000|  0%| F|  |TAMS 0x00000000d0400000, 0x00000000d0400000| Untracked 
| 261|0x00000000d0500000, 0x00000000d0500000, 0x00000000d0600000|  0%| F|  |TAMS 0x00000000d0500000, 0x00000000d0500000| Untracked 

Card table byte_map: [0x000002715b170000,0x000002715b370000] _byte_map_base: 0x000002715ab70000

Marking Bits (Prev, Next): (CMBitMap*) 0x00000271444bb630, (CMBitMap*) 0x00000271444bb670
 Prev Bits: [0x000002715b570000, 0x000002715c570000)
 Next Bits: [0x000002715c570000, 0x000002715d570000)

Polling page: 0x0000027143c50000

Metaspace:

Usage:
  Non-class:     82.13 MB used.
      Class:     11.85 MB used.
       Both:     93.98 MB used.

Virtual space:
  Non-class space:       88.00 MB reserved,      82.50 MB ( 94%) committed,  11 nodes.
      Class space:        1.00 GB reserved,      12.19 MB (  1%) committed,  1 nodes.
             Both:        1.09 GB reserved,      94.69 MB (  9%) committed. 

Chunk freelists:
   Non-Class:  910.00 KB
       Class:  3.83 MB
        Both:  4.72 MB

MaxMetaspaceSize: unlimited
CompressedClassSpaceSize: 1.00 GB
Initial GC threshold: 21.00 MB
Current GC threshold: 157.81 MB
CDS: on
MetaspaceReclaimPolicy: balanced
 - commit_granule_bytes: 65536.
 - commit_granule_words: 8192.
 - virtual_space_node_default_size: 1048576.
 - enlarge_chunks_in_place: 1.
 - new_chunks_are_fully_committed: 0.
 - uncommit_free_chunks: 1.
 - use_allocation_guard: 0.
 - handle_deallocations: 1.


Internal statistics:

num_allocs_failed_limit: 6.
num_arena_births: 1100.
num_arena_deaths: 212.
num_vsnodes_births: 12.
num_vsnodes_deaths: 0.
num_space_committed: 1540.
num_space_uncommitted: 25.
num_chunks_returned_to_freelist: 309.
num_chunks_taken_from_freelist: 5021.
num_chunk_merges: 96.
num_chunk_splits: 3346.
num_chunks_enlarged: 2323.
num_purges: 4.
num_inconsistent_stats: 0.

CodeHeap 'non-profiled nmethods': size=120000Kb used=11206Kb max_used=11238Kb free=108793Kb
 bounds [0x0000027153a40000, 0x0000027154540000, 0x000002715af70000]
CodeHeap 'profiled nmethods': size=120000Kb used=29727Kb max_used=30440Kb free=90272Kb
 bounds [0x000002714bf70000, 0x000002714dd30000, 0x00000271534a0000]
CodeHeap 'non-nmethods': size=5760Kb used=2430Kb max_used=2578Kb free=3330Kb
 bounds [0x00000271534a0000, 0x0000027153730000, 0x0000027153a40000]
 total_blobs=15538 nmethods=14562 adapters=887
 compilation: enabled
              stopped_count=0, restarted_count=0
 full_count=0

Compilation events (20 events):
Event: 1021.397 Thread 0x000002715fa97980 17656       3       net.fabricmc.tinyremapper.TinyRemapper$1::<init> (38 bytes)
Event: 1021.397 Thread 0x000002715fa97980 nmethod 17656 0x000002714c205290 code [0x000002714c205440, 0x000002714c2057d8]
Event: 1021.397 Thread 0x000002715fa97980 17657       3       net.fabricmc.tinyremapper.TinyRemapper$1::visitFile (10 bytes)
Event: 1021.397 Thread 0x000002715fa97980 nmethod 17657 0x000002714d1a0990 code [0x000002714d1a0b40, 0x000002714d1a0da8]
Event: 1021.397 Thread 0x000002715fa97980 17658       3       net.fabricmc.tinyremapper.TinyRemapper$1$1::<init> (15 bytes)
Event: 1021.397 Thread 0x000002715fa97980 nmethod 17658 0x000002714d239390 code [0x000002714d239540, 0x000002714d239758]
Event: 1021.397 Thread 0x000002715fa97980 17659       3       java.util.concurrent.CompletableFuture::supplyAsync (9 bytes)
Event: 1021.397 Thread 0x000002715fa97980 nmethod 17659 0x000002714c204d10 code [0x000002714c204ec0, 0x000002714c205158]
Event: 1021.397 Thread 0x000002715fa97980 17660       3       java.util.concurrent.CompletableFuture$AsyncSupply::<init> (15 bytes)
Event: 1021.397 Thread 0x000002715fa97980 nmethod 17660 0x000002714c4a4690 code [0x000002714c4a4840, 0x000002714c4a4ab8]
Event: 1021.399 Thread 0x000002715fa97980 17661       3       java.util.concurrent.CompletableFuture$UniCompletion::<init> (20 bytes)
Event: 1021.399 Thread 0x000002715fa97980 nmethod 17661 0x000002714c4a4090 code [0x000002714c4a4240, 0x000002714c4a4578]
Event: 1021.399 Thread 0x000002715fa97980 17662       3       java.util.concurrent.CompletableFuture::unipush (44 bytes)
Event: 1021.399 Thread 0x000002715fa97980 nmethod 17662 0x000002714c5b0c90 code [0x000002714c5b0e60, 0x000002714c5b1388]
Event: 1021.399 Thread 0x000002715fa97980 17663       3       java.util.concurrent.CompletableFuture::andTree (219 bytes)
Event: 1021.400 Thread 0x000002715fa97980 nmethod 17663 0x000002714c494b90 code [0x000002714c494e20, 0x000002714c495c58]
Event: 1021.407 Thread 0x000002715fa8a060 17664       4       sun.nio.ch.FileChannelImpl::open (16 bytes)
Event: 1021.419 Thread 0x000002715fa8a060 nmethod 17664 0x00000271540fbc10 code [0x00000271540fbde0, 0x00000271540fca88]
Event: 1021.469 Thread 0x000002715fa8a060 17665       4       java.lang.ref.ReferenceQueue::reallyPoll (65 bytes)
Event: 1021.471 Thread 0x000002715fa8a060 nmethod 17665 0x00000271540fb690 code [0x00000271540fb820, 0x00000271540fbb78]

GC Heap History (20 events):
Event: 1018.261 GC heap after
{Heap after GC invocations=100 (full 5):
 garbage-first heap   total 235520K, used 74080K [0x00000000c0000000, 0x0000000100000000)
  region size 1024K, 5 young (5120K), 5 survivors (5120K)
 Metaspace       used 93971K, committed 94848K, reserved 1138688K
  class space    used 11879K, committed 12352K, reserved 1048576K
}
Event: 1018.492 GC heap before
{Heap before GC invocations=101 (full 5):
 garbage-first heap   total 235520K, used 101728K [0x00000000c0000000, 0x0000000100000000)
  region size 1024K, 31 young (31744K), 5 survivors (5120K)
 Metaspace       used 94018K, committed 94912K, reserved 1138688K
  class space    used 11884K, committed 12352K, reserved 1048576K
}
Event: 1018.500 GC heap after
{Heap after GC invocations=102 (full 5):
 garbage-first heap   total 235520K, used 82957K [0x00000000c0000000, 0x0000000100000000)
  region size 1024K, 10 young (10240K), 10 survivors (10240K)
 Metaspace       used 94018K, committed 94912K, reserved 1138688K
  class space    used 11884K, committed 12352K, reserved 1048576K
}
Event: 1019.093 GC heap before
{Heap before GC invocations=103 (full 5):
 garbage-first heap   total 235520K, used 161805K [0x00000000c0000000, 0x0000000100000000)
  region size 1024K, 83 young (84992K), 10 survivors (10240K)
 Metaspace       used 95396K, committed 96128K, reserved 1138688K
  class space    used 12077K, committed 12416K, reserved 1048576K
}
Event: 1019.106 GC heap after
{Heap after GC invocations=104 (full 5):
 garbage-first heap   total 235520K, used 96067K [0x00000000c0000000, 0x0000000100000000)
  region size 1024K, 9 young (9216K), 9 survivors (9216K)
 Metaspace       used 95396K, committed 96128K, reserved 1138688K
  class space    used 12077K, committed 12416K, reserved 1048576K
}
Event: 1019.392 GC heap before
{Heap before GC invocations=104 (full 5):
 garbage-first heap   total 235520K, used 166723K [0x00000000c0000000, 0x0000000100000000)
  region size 1024K, 78 young (79872K), 9 survivors (9216K)
 Metaspace       used 95752K, committed 96512K, reserved 1138688K
  class space    used 12109K, committed 12480K, reserved 1048576K
}
Event: 1019.411 GC heap after
{Heap after GC invocations=105 (full 5):
 garbage-first heap   total 235520K, used 126208K [0x00000000c0000000, 0x0000000100000000)
  region size 1024K, 10 young (10240K), 10 survivors (10240K)
 Metaspace       used 95752K, committed 96512K, reserved 1138688K
  class space    used 12109K, committed 12480K, reserved 1048576K
}
Event: 1019.803 GC heap before
{Heap before GC invocations=106 (full 5):
 garbage-first heap   total 235520K, used 176384K [0x00000000c0000000, 0x0000000100000000)
  region size 1024K, 59 young (60416K), 10 survivors (10240K)
 Metaspace       used 95752K, committed 96512K, reserved 1138688K
  class space    used 12109K, committed 12480K, reserved 1048576K
}
Event: 1019.822 GC heap after
{Heap after GC invocations=107 (full 5):
 garbage-first heap   total 235520K, used 133984K [0x00000000c0000000, 0x0000000100000000)
  region size 1024K, 7 young (7168K), 7 survivors (7168K)
 Metaspace       used 95752K, committed 96512K, reserved 1138688K
  class space    used 12109K, committed 12480K, reserved 1048576K
}
Event: 1020.804 GC heap before
{Heap before GC invocations=107 (full 5):
 garbage-first heap   total 235520K, used 182112K [0x00000000c0000000, 0x0000000100000000)
  region size 1024K, 54 young (55296K), 7 survivors (7168K)
 Metaspace       used 96218K, committed 96960K, reserved 1138688K
  class space    used 12131K, committed 12480K, reserved 1048576K
}
Event: 1020.820 GC heap after
{Heap after GC invocations=108 (full 5):
 garbage-first heap   total 268288K, used 135701K [0x00000000c0000000, 0x0000000100000000)
  region size 1024K, 4 young (4096K), 4 survivors (4096K)
 Metaspace       used 96218K, committed 96960K, reserved 1138688K
  class space    used 12131K, committed 12480K, reserved 1048576K
}
Event: 1021.452 GC heap before
{Heap before GC invocations=109 (full 5):
 garbage-first heap   total 268288K, used 198165K [0x00000000c0000000, 0x0000000100000000)
  region size 1024K, 66 young (67584K), 4 survivors (4096K)
 Metaspace       used 96237K, committed 96960K, reserved 1138688K
  class space    used 12131K, committed 12480K, reserved 1048576K
}
Event: 1021.469 GC heap after
{Heap after GC invocations=110 (full 5):
 garbage-first heap   total 268288K, used 165216K [0x00000000c0000000, 0x0000000100000000)
  region size 1024K, 9 young (9216K), 9 survivors (9216K)
 Metaspace       used 96237K, committed 96960K, reserved 1138688K
  class space    used 12131K, committed 12480K, reserved 1048576K
}
Event: 1021.472 GC heap before
{Heap before GC invocations=110 (full 5):
 garbage-first heap   total 268288K, used 168288K [0x00000000c0000000, 0x0000000100000000)
  region size 1024K, 13 young (13312K), 9 survivors (9216K)
 Metaspace       used 96237K, committed 96960K, reserved 1138688K
  class space    used 12131K, committed 12480K, reserved 1048576K
}
Event: 1021.493 GC heap after
{Heap after GC invocations=111 (full 5):
 garbage-first heap   total 268288K, used 161960K [0x00000000c0000000, 0x0000000100000000)
  region size 1024K, 2 young (2048K), 2 survivors (2048K)
 Metaspace       used 96237K, committed 96960K, reserved 1138688K
  class space    used 12131K, committed 12480K, reserved 1048576K
}
Event: 1021.517 GC heap before
{Heap before GC invocations=111 (full 5):
 garbage-first heap   total 268288K, used 207016K [0x00000000c0000000, 0x0000000100000000)
  region size 1024K, 47 young (48128K), 2 survivors (2048K)
 Metaspace       used 96237K, committed 96960K, reserved 1138688K
  class space    used 12131K, committed 12480K, reserved 1048576K
}
Event: 1021.521 GC heap after
{Heap after GC invocations=112 (full 5):
 garbage-first heap   total 268288K, used 172834K [0x00000000c0000000, 0x0000000100000000)
  region size 1024K, 6 young (6144K), 6 survivors (6144K)
 Metaspace       used 96237K, committed 96960K, reserved 1138688K
  class space    used 12131K, committed 12480K, reserved 1048576K
}
Event: 1021.554 GC heap before
{Heap before GC invocations=112 (full 5):
 garbage-first heap   total 268288K, used 212770K [0x00000000c0000000, 0x0000000100000000)
  region size 1024K, 46 young (47104K), 6 survivors (6144K)
 Metaspace       used 96237K, committed 96960K, reserved 1138688K
  class space    used 12131K, committed 12480K, reserved 1048576K
}
Event: 1021.560 GC heap after
{Heap after GC invocations=113 (full 5):
 garbage-first heap   total 268288K, used 179490K [0x00000000c0000000, 0x0000000100000000)
  region size 1024K, 6 young (6144K), 6 survivors (6144K)
 Metaspace       used 96237K, committed 96960K, reserved 1138688K
  class space    used 12131K, committed 12480K, reserved 1048576K
}
Event: 1021.584 GC heap before
{Heap before GC invocations=113 (full 5):
 garbage-first heap   total 268288K, used 217378K [0x00000000c0000000, 0x0000000100000000)
  region size 1024K, 44 young (45056K), 6 survivors (6144K)
 Metaspace       used 96237K, committed 96960K, reserved 1138688K
  class space    used 12131K, committed 12480K, reserved 1048576K
}

Dll operation events (12 events):
Event: 0.009 Loaded shared library D:\Windows\Program Files\Eclipse Adoptium\jdk-17.0.6.10-hotspot\bin\java.dll
Event: 0.021 Loaded shared library D:\Windows\Program Files\Eclipse Adoptium\jdk-17.0.6.10-hotspot\bin\jsvml.dll
Event: 0.072 Loaded shared library D:\Windows\Program Files\Eclipse Adoptium\jdk-17.0.6.10-hotspot\bin\net.dll
Event: 0.073 Loaded shared library D:\Windows\Program Files\Eclipse Adoptium\jdk-17.0.6.10-hotspot\bin\nio.dll
Event: 0.078 Loaded shared library D:\Windows\Program Files\Eclipse Adoptium\jdk-17.0.6.10-hotspot\bin\zip.dll
Event: 0.245 Loaded shared library D:\Windows\Program Files\Eclipse Adoptium\jdk-17.0.6.10-hotspot\bin\jimage.dll
Event: 0.297 Loaded shared library D:\Windows\Program Files\Eclipse Adoptium\jdk-17.0.6.10-hotspot\bin\verify.dll
Event: 0.422 Loaded shared library C:\Users\\.gradle\native\68d5fa5c4cc2d200863cafc0d521ce42e7d3e7ee720ec0a83991735586a16f82\windows-amd64\native-platform.dll
Event: 0.426 Loaded shared library C:\Users\\.gradle\native\e376f236ea51e6404a007f0833ffe2c6e607c4080706a723a18a27aeea778392\windows-amd64\native-platform-file-events.dll
Event: 1.266 Loaded shared library D:\Windows\Program Files\Eclipse Adoptium\jdk-17.0.6.10-hotspot\bin\management.dll
Event: 1.306 Loaded shared library D:\Windows\Program Files\Eclipse Adoptium\jdk-17.0.6.10-hotspot\bin\management_ext.dll
Event: 1.991 Loaded shared library D:\Windows\Program Files\Eclipse Adoptium\jdk-17.0.6.10-hotspot\bin\sunmscapi.dll

Deoptimization events (20 events):
Event: 1020.637 Thread 0x0000027165bbdf10 DEOPT PACKING pc=0x0000027154317bd4 sp=0x000000b4788f8e20
Event: 1020.637 Thread 0x0000027165bbdf10 DEOPT UNPACKING pc=0x00000271534f69a3 sp=0x000000b4788f8d30 mode 2
Event: 1020.679 Thread 0x00000271693cbbc0 Uncommon trap: trap_request=0xffffffd6 fr.pc=0x0000027154536ca8 relative=0x0000000000000488
Event: 1020.679 Thread 0x00000271693cbbc0 Uncommon trap: reason=array_check action=maybe_recompile pc=0x0000027154536ca8 method=java.util.HashMap.keysToArray([Ljava/lang/Object;)[Ljava/lang/Object; @ 62 c2
Event: 1020.679 Thread 0x00000271693cbbc0 DEOPT PACKING pc=0x0000027154536ca8 sp=0x000000b4789fbfd0
Event: 1020.679 Thread 0x00000271693cbbc0 DEOPT UNPACKING pc=0x00000271534f69a3 sp=0x000000b4789fbf68 mode 2
Event: 1020.679 Thread 0x00000271693cbbc0 Uncommon trap: trap_request=0xffffffd6 fr.pc=0x0000027154536ca8 relative=0x0000000000000488
Event: 1020.679 Thread 0x00000271693cbbc0 Uncommon trap: reason=array_check action=maybe_recompile pc=0x0000027154536ca8 method=java.util.HashMap.keysToArray([Ljava/lang/Object;)[Ljava/lang/Object; @ 62 c2
Event: 1020.680 Thread 0x00000271693cbbc0 DEOPT PACKING pc=0x0000027154536ca8 sp=0x000000b4789fbfd0
Event: 1020.680 Thread 0x00000271693cbbc0 DEOPT UNPACKING pc=0x00000271534f69a3 sp=0x000000b4789fbf68 mode 2
Event: 1020.680 Thread 0x00000271693cbbc0 Uncommon trap: trap_request=0xffffffd6 fr.pc=0x000002715444e374 relative=0x0000000000000554
Event: 1020.680 Thread 0x00000271693cbbc0 Uncommon trap: reason=array_check action=maybe_recompile pc=0x000002715444e374 method=java.util.HashMap.keysToArray([Ljava/lang/Object;)[Ljava/lang/Object; @ 62 c2
Event: 1020.680 Thread 0x00000271693cbbc0 DEOPT PACKING pc=0x000002715444e374 sp=0x000000b4789fbfd0
Event: 1020.680 Thread 0x00000271693cbbc0 DEOPT UNPACKING pc=0x00000271534f69a3 sp=0x000000b4789fbf68 mode 2
Event: 1020.683 Thread 0x00000271693cbbc0 Uncommon trap: trap_request=0xffffffd6 fr.pc=0x0000027154536ca8 relative=0x0000000000000488
Event: 1020.683 Thread 0x00000271693cbbc0 Uncommon trap: reason=array_check action=maybe_recompile pc=0x0000027154536ca8 method=java.util.HashMap.keysToArray([Ljava/lang/Object;)[Ljava/lang/Object; @ 62 c2
Event: 1020.683 Thread 0x00000271693cbbc0 DEOPT PACKING pc=0x0000027154536ca8 sp=0x000000b4789fd470
Event: 1020.683 Thread 0x00000271693cbbc0 DEOPT UNPACKING pc=0x00000271534f69a3 sp=0x000000b4789fd408 mode 2
Event: 1021.340 Thread 0x0000027165bbdf10 DEOPT PACKING pc=0x000002714d035a71 sp=0x000000b4788fb280
Event: 1021.340 Thread 0x0000027165bbdf10 DEOPT UNPACKING pc=0x00000271534f7143 sp=0x000000b4788fa730 mode 0

Classes unloaded (20 events):
Event: 660.860 Thread 0x000002715fa64d30 Unloading class 0x0000000800d34c00 'java/lang/invoke/LambdaForm$BMH+0x0000000800d34c00'
Event: 660.860 Thread 0x000002715fa64d30 Unloading class 0x0000000800d00400 'java/lang/invoke/LambdaForm$DMH+0x0000000800d00400'
Event: 660.860 Thread 0x000002715fa64d30 Unloading class 0x0000000800cedc00 'java/lang/invoke/LambdaForm$DMH+0x0000000800cedc00'
Event: 660.860 Thread 0x000002715fa64d30 Unloading class 0x0000000800ced800 'java/lang/invoke/LambdaForm$MH+0x0000000800ced800'
Event: 660.860 Thread 0x000002715fa64d30 Unloading class 0x0000000800ced400 'java/lang/invoke/LambdaForm$MH+0x0000000800ced400'
Event: 660.860 Thread 0x000002715fa64d30 Unloading class 0x0000000800ced000 'java/lang/invoke/LambdaForm$MH+0x0000000800ced000'
Event: 660.860 Thread 0x000002715fa64d30 Unloading class 0x0000000800cecc00 'java/lang/invoke/LambdaForm$MH+0x0000000800cecc00'
Event: 660.860 Thread 0x000002715fa64d30 Unloading class 0x0000000800cec800 'java/lang/invoke/LambdaForm$MH+0x0000000800cec800'
Event: 660.860 Thread 0x000002715fa64d30 Unloading class 0x0000000800cec400 'java/lang/invoke/LambdaForm$MH+0x0000000800cec400'
Event: 660.860 Thread 0x000002715fa64d30 Unloading class 0x0000000800cec000 'java/lang/invoke/LambdaForm$MH+0x0000000800cec000'
Event: 660.860 Thread 0x000002715fa64d30 Unloading class 0x0000000800cc6800 'java/lang/invoke/LambdaForm$MH+0x0000000800cc6800'
Event: 660.860 Thread 0x000002715fa64d30 Unloading class 0x0000000800cc6000 'java/lang/invoke/LambdaForm$MH+0x0000000800cc6000'
Event: 660.860 Thread 0x000002715fa64d30 Unloading class 0x0000000800cc5c00 'java/lang/invoke/LambdaForm$MH+0x0000000800cc5c00'
Event: 660.860 Thread 0x000002715fa64d30 Unloading class 0x0000000800cc5800 'java/lang/invoke/LambdaForm$MH+0x0000000800cc5800'
Event: 660.860 Thread 0x000002715fa64d30 Unloading class 0x0000000800cc5400 'java/lang/invoke/LambdaForm$MH+0x0000000800cc5400'
Event: 660.860 Thread 0x000002715fa64d30 Unloading class 0x0000000800cc4c00 'java/lang/invoke/LambdaForm$MH+0x0000000800cc4c00'
Event: 660.860 Thread 0x000002715fa64d30 Unloading class 0x0000000800c2ac00 'java/lang/invoke/LambdaForm$MH+0x0000000800c2ac00'
Event: 660.860 Thread 0x000002715fa64d30 Unloading class 0x0000000800c2a800 'java/lang/invoke/LambdaForm$MH+0x0000000800c2a800'
Event: 660.860 Thread 0x000002715fa64d30 Unloading class 0x0000000800c2a000 'java/lang/invoke/LambdaForm$MH+0x0000000800c2a000'
Event: 660.860 Thread 0x000002715fa64d30 Unloading class 0x0000000800c28400 'java/lang/invoke/LambdaForm$MH+0x0000000800c28400'

Classes redefined (0 events):
No events

Internal exceptions (20 events):
Event: 1020.250 Thread 0x0000027165bbdf10 Exception <a 'sun/nio/fs/WindowsException'{0x00000000ccd05548}> (0x00000000ccd05548) 
thrown [s\src\hotspot\share\prims\jni.cpp, line 516]
Event: 1020.250 Thread 0x0000027165bbdf10 Exception <a 'sun/nio/fs/WindowsException'{0x00000000ccd07d78}> (0x00000000ccd07d78) 
thrown [s\src\hotspot\share\prims\jni.cpp, line 516]
Event: 1020.250 Thread 0x0000027165bbdf10 Exception <a 'sun/nio/fs/WindowsException'{0x00000000ccd08310}> (0x00000000ccd08310) 
thrown [s\src\hotspot\share\prims\jni.cpp, line 516]
Event: 1020.250 Thread 0x0000027165bbdf10 Exception <a 'sun/nio/fs/WindowsException'{0x00000000ccd0ab28}> (0x00000000ccd0ab28) 
thrown [s\src\hotspot\share\prims\jni.cpp, line 516]
Event: 1020.279 Thread 0x0000027165bbdf10 Exception <a 'sun/nio/fs/WindowsException'{0x00000000ccd22ab0}> (0x00000000ccd22ab0) 
thrown [s\src\hotspot\share\prims\jni.cpp, line 516]
Event: 1020.291 Thread 0x0000027165bbdf10 Exception <a 'sun/nio/fs/WindowsException'{0x00000000ccd2f8f0}> (0x00000000ccd2f8f0) 
thrown [s\src\hotspot\share\prims\jni.cpp, line 516]
Event: 1020.354 Thread 0x0000027165bbdf10 Exception <a 'sun/nio/fs/WindowsException'{0x00000000cc858d98}> (0x00000000cc858d98) 
thrown [s\src\hotspot\share\prims\jni.cpp, line 516]
Event: 1020.445 Thread 0x0000027165bbdf10 Exception <a 'sun/nio/fs/WindowsException'{0x00000000cc2f7570}> (0x00000000cc2f7570) 
thrown [s\src\hotspot\share\prims\jni.cpp, line 516]
Event: 1020.469 Thread 0x0000027165bbdf10 Exception <a 'sun/nio/fs/WindowsException'{0x00000000cc10fe18}> (0x00000000cc10fe18) 
thrown [s\src\hotspot\share\prims\jni.cpp, line 516]
Event: 1020.495 Thread 0x0000027165bbdf10 Exception <a 'sun/nio/fs/WindowsException'{0x00000000cc11d900}> (0x00000000cc11d900) 
thrown [s\src\hotspot\share\prims\jni.cpp, line 516]
Event: 1020.637 Thread 0x0000027165bbdf10 Implicit null exception at 0x000002715431cc00 to 0x00000271543211f8
Event: 1020.888 Thread 0x0000027165bbdf10 Exception <a 'sun/nio/fs/WindowsException'{0x00000000d05223b8}> (0x00000000d05223b8) 
thrown [s\src\hotspot\share\prims\jni.cpp, line 516]
Event: 1020.926 Thread 0x0000027165bbdf10 Exception <a 'sun/nio/fs/WindowsException'{0x00000000d05364e8}> (0x00000000d05364e8) 
thrown [s\src\hotspot\share\prims\jni.cpp, line 516]
Event: 1021.031 Thread 0x0000027165bbdf10 Exception <a 'sun/nio/fs/WindowsException'{0x00000000d0536758}> (0x00000000d0536758) 
thrown [s\src\hotspot\share\prims\jni.cpp, line 516]
Event: 1021.037 Thread 0x0000027165bbdf10 Exception <a 'sun/nio/fs/WindowsException'{0x00000000d054d6b0}> (0x00000000d054d6b0) 
thrown [s\src\hotspot\share\prims\jni.cpp, line 516]
Event: 1021.139 Thread 0x0000027165bbdf10 Exception <a 'sun/nio/fs/WindowsException'{0x00000000d0561368}> (0x00000000d0561368) 
thrown [s\src\hotspot\share\prims\jni.cpp, line 516]
Event: 1021.148 Thread 0x0000027165bbdf10 Exception <a 'sun/nio/fs/WindowsException'{0x00000000d05615c8}> (0x00000000d05615c8) 
thrown [s\src\hotspot\share\prims\jni.cpp, line 516]
Event: 1021.175 Thread 0x0000027165bbdf10 Exception <a 'sun/nio/fs/WindowsException'{0x00000000d0578bc0}> (0x00000000d0578bc0) 
thrown [s\src\hotspot\share\prims\jni.cpp, line 516]
Event: 1021.336 Thread 0x0000027165bbdf10 Exception <a 'sun/nio/fs/WindowsException'{0x00000000d05d6e78}> (0x00000000d05d6e78) 
thrown [s\src\hotspot\share\prims\jni.cpp, line 516]
Event: 1021.337 Thread 0x0000027165bbdf10 Exception <a 'sun/nio/fs/WindowsException'{0x00000000d05d70d0}> (0x00000000d05d70d0) 
thrown [s\src\hotspot\share\prims\jni.cpp, line 516]

VM Operations (20 events):
Event: 1020.605 Executing VM operation: ICBufferFull done
Event: 1020.637 Executing VM operation: HandshakeAllThreads
Event: 1020.637 Executing VM operation: HandshakeAllThreads done
Event: 1020.788 Executing VM operation: G1CollectForAllocation
Event: 1020.832 Executing VM operation: G1CollectForAllocation done
Event: 1021.041 Executing VM operation: G1Concurrent
Event: 1021.048 Executing VM operation: G1Concurrent done
Event: 1021.119 Executing VM operation: G1Concurrent
Event: 1021.119 Executing VM operation: G1Concurrent done
Event: 1021.452 Executing VM operation: G1CollectForAllocation
Event: 1021.469 Executing VM operation: G1CollectForAllocation done
Event: 1021.472 Executing VM operation: G1CollectForAllocation
Event: 1021.493 Executing VM operation: G1CollectForAllocation done
Event: 1021.517 Executing VM operation: G1CollectForAllocation
Event: 1021.521 Executing VM operation: G1CollectForAllocation done
Event: 1021.554 Executing VM operation: G1CollectForAllocation
Event: 1021.560 Executing VM operation: G1CollectForAllocation done
Event: 1021.583 Executing VM operation: G1CollectForAllocation
Event: 1021.583 Executing VM operation: G1CollectForAllocation done
Event: 1021.584 Executing VM operation: G1CollectForAllocation

Events (20 events):
Event: 1020.650 Thread 0x00000271604607d0 flushing nmethod 0x000002714d256c90
Event: 1020.650 Thread 0x00000271604607d0 flushing nmethod 0x000002714d26dd10
Event: 1020.650 Thread 0x00000271604607d0 flushing nmethod 0x000002714d274010
Event: 1020.651 Thread 0x00000271604607d0 flushing nmethod 0x000002714d2d0490
Event: 1020.651 Thread 0x00000271604607d0 flushing nmethod 0x000002714d311590
Event: 1020.651 Thread 0x00000271604607d0 flushing nmethod 0x000002714d369810
Event: 1020.652 Thread 0x00000271604607d0 flushing nmethod 0x000002714d5ba390
Event: 1020.652 Thread 0x00000271604607d0 flushing nmethod 0x000002714d5bba10
Event: 1020.652 Thread 0x00000271604607d0 flushing nmethod 0x000002714d5cf310
Event: 1020.652 Thread 0x00000271604607d0 flushing nmethod 0x000002714d5d5690
Event: 1020.652 Thread 0x00000271604607d0 flushing nmethod 0x000002714d6b7810
Event: 1020.652 Thread 0x00000271604607d0 flushing nmethod 0x000002714d6dbb90
Event: 1020.653 Thread 0x00000271604607d0 flushing nmethod 0x000002714d923110
Event: 1020.654 Thread 0x00000271604607d0 flushing nmethod 0x000002714d942410
Event: 1020.654 Thread 0x00000271604607d0 flushing nmethod 0x000002714d969710
Event: 1021.053 Thread 0x0000027162df1920 Thread exited: 0x0000027162df1920
Event: 1021.394 Thread 0x00000271695e0a20 Thread added: 0x00000271695e0a20
Event: 1021.394 Thread 0x00000271695de870 Thread added: 0x00000271695de870
Event: 1021.394 Thread 0x00000271695ded40 Thread added: 0x00000271695ded40
Event: 1021.394 Thread 0x0000027168928390 Thread added: 0x0000027168928390


Dynamic libraries:
0x00007ff661990000 - 0x00007ff66199e000 	D:\Windows\Program Files\Eclipse Adoptium\jdk-17.0.6.10-hotspot\bin\java.exe
0x00007ffe86fc0000 - 0x00007ffe871c9000 	C:\WINDOWS\SYSTEM32\ntdll.dll
0x00007ffe85760000 - 0x00007ffe8581e000 	C:\WINDOWS\System32\KERNEL32.DLL
0x00007ffe848c0000 - 0x00007ffe84c43000 	C:\WINDOWS\System32\KERNELBASE.dll
0x00007ffe845e0000 - 0x00007ffe846f1000 	C:\WINDOWS\System32\ucrtbase.dll
0x00007ffe6ee10000 - 0x00007ffe6ee27000 	D:\Windows\Program Files\Eclipse Adoptium\jdk-17.0.6.10-hotspot\bin\jli.dll
0x00007ffe85340000 - 0x00007ffe854ed000 	C:\WINDOWS\System32\USER32.dll
0x00007ffe6edf0000 - 0x00007ffe6ee09000 	D:\Windows\Program Files\Eclipse Adoptium\jdk-17.0.6.10-hotspot\bin\VCRUNTIME140.dll
0x00007ffe84890000 - 0x00007ffe848b6000 	C:\WINDOWS\System32\win32u.dll
0x00007ffe84e30000 - 0x00007ffe84e59000 	C:\WINDOWS\System32\GDI32.dll
0x00007ffe84770000 - 0x00007ffe8488a000 	C:\WINDOWS\System32\gdi32full.dll
0x00007ffe84c50000 - 0x00007ffe84ced000 	C:\WINDOWS\System32\msvcp_win.dll
0x00007ffe77940000 - 0x00007ffe77be5000 	C:\WINDOWS\WinSxS\amd64_microsoft.windows.common-controls_6595b64144ccf1df_6.0.22000.120_none_9d947278b86cc467\COMCTL32.dll
0x00007ffe854f0000 - 0x00007ffe85593000 	C:\WINDOWS\System32\msvcrt.dll
0x00007ffe85660000 - 0x00007ffe85691000 	C:\WINDOWS\System32\IMM32.DLL
0x00007ffe7f2d0000 - 0x00007ffe7f2dc000 	D:\Windows\Program Files\Eclipse Adoptium\jdk-17.0.6.10-hotspot\bin\vcruntime140_1.dll
0x00007ffe67420000 - 0x00007ffe674b1000 	D:\Windows\Program Files\Eclipse Adoptium\jdk-17.0.6.10-hotspot\bin\msvcp140.dll
0x00007ffe4aa90000 - 0x00007ffe4b6d7000 	D:\Windows\Program Files\Eclipse Adoptium\jdk-17.0.6.10-hotspot\bin\server\jvm.dll
0x00007ffe855b0000 - 0x00007ffe8565e000 	C:\WINDOWS\System32\ADVAPI32.dll
0x00007ffe852a0000 - 0x00007ffe8533e000 	C:\WINDOWS\System32\sechost.dll
0x00007ffe86d70000 - 0x00007ffe86e91000 	C:\WINDOWS\System32\RPCRT4.dll
0x00007ffe77f50000 - 0x00007ffe77f83000 	C:\WINDOWS\SYSTEM32\WINMM.dll
0x00007ffe77010000 - 0x00007ffe77019000 	C:\WINDOWS\SYSTEM32\WSOCK32.dll
0x00007ffe860e0000 - 0x00007ffe8614f000 	C:\WINDOWS\System32\WS2_32.dll
0x00007ffe7f780000 - 0x00007ffe7f78a000 	C:\WINDOWS\SYSTEM32\VERSION.dll
0x00007ffe834c0000 - 0x00007ffe834d8000 	C:\WINDOWS\SYSTEM32\kernel.appcore.dll
0x00007ffe7ef40000 - 0x00007ffe7ef4a000 	D:\Windows\Program Files\Eclipse Adoptium\jdk-17.0.6.10-hotspot\bin\jimage.dll
0x00007ffe7e930000 - 0x00007ffe7eb51000 	C:\WINDOWS\SYSTEM32\DBGHELP.DLL
0x00007ffe7e560000 - 0x00007ffe7e591000 	C:\WINDOWS\SYSTEM32\dbgcore.DLL
0x00007ffe84db0000 - 0x00007ffe84e2f000 	C:\WINDOWS\System32\bcryptPrimitives.dll
0x00007ffe6edc0000 - 0x00007ffe6ede5000 	D:\Windows\Program Files\Eclipse Adoptium\jdk-17.0.6.10-hotspot\bin\java.dll
0x00007ffe5f960000 - 0x00007ffe5fa36000 	D:\Windows\Program Files\Eclipse Adoptium\jdk-17.0.6.10-hotspot\bin\jsvml.dll
0x00007ffe85820000 - 0x00007ffe85fe5000 	C:\WINDOWS\System32\SHELL32.dll
0x00007ffe823b0000 - 0x00007ffe82c14000 	C:\WINDOWS\SYSTEM32\windows.storage.dll
0x00007ffe863d0000 - 0x00007ffe86746000 	C:\WINDOWS\System32\combase.dll
0x00007ffe82240000 - 0x00007ffe823a7000 	C:\WINDOWS\SYSTEM32\wintypes.dll
0x00007ffe85000000 - 0x00007ffe850ea000 	C:\WINDOWS\System32\SHCORE.dll
0x00007ffe86310000 - 0x00007ffe8636d000 	C:\WINDOWS\System32\shlwapi.dll
0x00007ffe843a0000 - 0x00007ffe843c1000 	C:\WINDOWS\SYSTEM32\profapi.dll
0x00007ffe6ea20000 - 0x00007ffe6ea39000 	D:\Windows\Program Files\Eclipse Adoptium\jdk-17.0.6.10-hotspot\bin\net.dll
0x00007ffe834e0000 - 0x00007ffe835f2000 	C:\WINDOWS\SYSTEM32\WINHTTP.dll
0x00007ffe83a80000 - 0x00007ffe83ae7000 	C:\WINDOWS\system32\mswsock.dll
0x00007ffe6a9c0000 - 0x00007ffe6a9d5000 	D:\Windows\Program Files\Eclipse Adoptium\jdk-17.0.6.10-hotspot\bin\nio.dll
0x00007ffe68570000 - 0x00007ffe68588000 	D:\Windows\Program Files\Eclipse Adoptium\jdk-17.0.6.10-hotspot\bin\zip.dll
0x00007ffe78e80000 - 0x00007ffe78e90000 	D:\Windows\Program Files\Eclipse Adoptium\jdk-17.0.6.10-hotspot\bin\verify.dll
0x00007ffe79220000 - 0x00007ffe79247000 	C:\Users\\.gradle\native\68d5fa5c4cc2d200863cafc0d521ce42e7d3e7ee720ec0a83991735586a16f82\windows-amd64\native-platform.dll
0x00007ffe5f810000 - 0x00007ffe5f954000 	C:\Users\\.gradle\native\e376f236ea51e6404a007f0833ffe2c6e607c4080706a723a18a27aeea778392\windows-amd64\native-platform-file-events.dll
0x00007ffe78e50000 - 0x00007ffe78e59000 	D:\Windows\Program Files\Eclipse Adoptium\jdk-17.0.6.10-hotspot\bin\management.dll
0x00007ffe78cf0000 - 0x00007ffe78cfb000 	D:\Windows\Program Files\Eclipse Adoptium\jdk-17.0.6.10-hotspot\bin\management_ext.dll
0x00007ffe86750000 - 0x00007ffe86758000 	C:\WINDOWS\System32\PSAPI.DLL
0x00007ffe83ce0000 - 0x00007ffe83cf8000 	C:\WINDOWS\SYSTEM32\CRYPTSP.dll
0x00007ffe83420000 - 0x00007ffe83455000 	C:\WINDOWS\system32\rsaenh.dll
0x00007ffe83b80000 - 0x00007ffe83ba9000 	C:\WINDOWS\SYSTEM32\USERENV.dll
0x00007ffe83e50000 - 0x00007ffe83e77000 	C:\WINDOWS\SYSTEM32\bcrypt.dll
0x00007ffe83cd0000 - 0x00007ffe83cdc000 	C:\WINDOWS\SYSTEM32\CRYPTBASE.dll
0x00007ffe82e60000 - 0x00007ffe82e8d000 	C:\WINDOWS\SYSTEM32\IPHLPAPI.DLL
0x00007ffe860d0000 - 0x00007ffe860d9000 	C:\WINDOWS\System32\NSI.dll
0x00007ffe7fad0000 - 0x00007ffe7fae9000 	C:\WINDOWS\SYSTEM32\dhcpcsvc6.DLL
0x00007ffe80180000 - 0x00007ffe8019e000 	C:\WINDOWS\SYSTEM32\dhcpcsvc.DLL
0x00007ffe82e90000 - 0x00007ffe82f78000 	C:\WINDOWS\SYSTEM32\DNSAPI.dll
0x00007ffe772e0000 - 0x00007ffe772ee000 	D:\Windows\Program Files\Eclipse Adoptium\jdk-17.0.6.10-hotspot\bin\sunmscapi.dll
0x00007ffe84470000 - 0x00007ffe845d2000 	C:\WINDOWS\System32\CRYPT32.dll
0x00007ffe83e20000 - 0x00007ffe83e4a000 	C:\WINDOWS\SYSTEM32\ncrypt.dll
0x00007ffe83de0000 - 0x00007ffe83e17000 	C:\WINDOWS\SYSTEM32\NTASN1.dll
0x00007ffe3dad0000 - 0x00007ffe3dad8000 	C:\WINDOWS\system32\wshunix.dll
0x00007ffe83600000 - 0x00007ffe83634000 	C:\WINDOWS\SYSTEM32\ntmarta.dll
0x00007ffe7f3b0000 - 0x00007ffe7f3c8000 	C:\ProgramData\Microsoft\Windows Defender\Platform\4.18.2303.8-0\MpDetoursCopyAccelerator.dll
0x00007ffe76220000 - 0x00007ffe76353000 	C:\ProgramData\Microsoft\Windows Defender\Platform\4.18.2303.8-0\mpclient.dll
0x00007ffe84700000 - 0x00007ffe84767000 	C:\WINDOWS\System32\WINTRUST.dll
0x00007ffe83d30000 - 0x00007ffe83d42000 	C:\WINDOWS\SYSTEM32\MSASN1.dll
0x00007ffe83b10000 - 0x00007ffe83b34000 	C:\WINDOWS\SYSTEM32\gpapi.dll

dbghelp: loaded successfully - version: 4.0.5 - missing functions: none
symbol engine: initialized successfully - sym options: 0x614 - pdb path: .;D:\Windows\Program Files\Eclipse Adoptium\jdk-17.0.6.10-hotspot\bin;C:\WINDOWS\SYSTEM32;C:\WINDOWS\WinSxS\amd64_microsoft.windows.common-controls_6595b64144ccf1df_6.0.22000.120_none_9d947278b86cc467;D:\Windows\Program Files\Eclipse Adoptium\jdk-17.0.6.10-hotspot\bin\server;C:\Users\\.gradle\native\68d5fa5c4cc2d200863cafc0d521ce42e7d3e7ee720ec0a83991735586a16f82\windows-amd64;C:\Users\\.gradle\native\e376f236ea51e6404a007f0833ffe2c6e607c4080706a723a18a27aeea778392\windows-amd64;C:\ProgramData\Microsoft\Windows Defender\Platform\4.18.2303.8-0

VM Arguments:
jvm_args: --add-opens=java.base/java.util=ALL-UNNAMED --add-opens=java.base/java.lang=ALL-UNNAMED --add-opens=java.base/java.lang.invoke=ALL-UNNAMED --add-opens=java.prefs/java.util.prefs=ALL-UNNAMED --add-opens=java.base/java.nio.charset=ALL-UNNAMED --add-opens=java.base/java.net=ALL-UNNAMED --add-opens=java.base/java.util.concurrent.atomic=ALL-UNNAMED -Xmx1G -Dfile.encoding=windows-1251 -Duser.country=RU -Duser.language=ru -Duser.variant 
java_command: org.gradle.launcher.daemon.bootstrap.GradleDaemon 7.6
java_class_path (initial): C:\Users\\.gradle\wrapper\dists\gradle-7.6-bin\9l9tetv7ltxvx3i8an4pb86ye\gradle-7.6\lib\gradle-launcher-7.6.jar
Launcher Type: SUN_STANDARD

[Global flags]
     intx CICompilerCount                          = 3                                         {product} {ergonomic}
     uint ConcGCThreads                            = 1                                         {product} {ergonomic}
     uint G1ConcRefinementThreads                  = 4                                         {product} {ergonomic}
   size_t G1HeapRegionSize                         = 1048576                                   {product} {ergonomic}
    uintx GCDrainStackTargetSize                   = 64                                        {product} {ergonomic}
   size_t InitialHeapSize                          = 268435456                                 {product} {ergonomic}
   size_t MarkStackSize                            = 4194304                                   {product} {ergonomic}
   size_t MaxHeapSize                              = 1073741824                                {product} {command line}
   size_t MaxNewSize                               = 643825664                                 {product} {ergonomic}
   size_t MinHeapDeltaBytes                        = 1048576                                   {product} {ergonomic}
   size_t MinHeapSize                              = 8388608                                   {product} {ergonomic}
    uintx NonNMethodCodeHeapSize                   = 5832780                                {pd product} {ergonomic}
    uintx NonProfiledCodeHeapSize                  = 122912730                              {pd product} {ergonomic}
    uintx ProfiledCodeHeapSize                     = 122912730                              {pd product} {ergonomic}
    uintx ReservedCodeCacheSize                    = 251658240                              {pd product} {ergonomic}
     bool SegmentedCodeCache                       = true                                      {product} {ergonomic}
   size_t SoftMaxHeapSize                          = 1073741824                             {manageable} {ergonomic}
     bool UseCompressedClassPointers               = true                           {product lp64_product} {ergonomic}
     bool UseCompressedOops                        = true                           {product lp64_product} {ergonomic}
     bool UseG1GC                                  = true                                      {product} {ergonomic}
     bool UseLargePagesIndividualAllocation        = false                                  {pd product} {ergonomic}

Logging:
Log output configuration:
 #0: stdout all=warning uptime,level,tags
 #1: stderr all=off uptime,level,tags

Environment Variables:
JAVA_HOME=D:\Windows\Program Files\Eclipse Adoptium\jdk-17.0.6.10-hotspot\
PATH=D:\Windows\Program Files\Eclipse Adoptium\jdk-17.0.6.10-hotspot\bin;C:\Program Files (x86)\Common Files\Oracle\Java\javapath;C:\WINDOWS\system32;C:\WINDOWS;C:\WINDOWS\System32\Wbem;C:\WINDOWS\System32\WindowsPowerShell\v1.0\;C:\WINDOWS\System32\OpenSSH\;C:\Program Files\NVIDIA Corporation\NVIDIA NvDLISR;C:\Program Files (x86)\NVIDIA Corporation\PhysX\Common;D:\Windows\Program Files\Git\cmd;D:\Windows\Program Files\NVIDIA Corporation\NVIDIA NvDLISR;D:\DISCORD_BOT_MILLENNIUM\vips-dev-8.14\bin;C:\ProgramData\chocolatey\bin;D:\Windows\Program Files\MySQL\MySQL Shell 8.0\bin\;D:\Windows\Users\\AppData\Local\Programs\Python\Python39\Scripts\;D:\Windows\Users\\AppData\Local\Programs\Python\Python39\;C:\Users\\AppData\Local\Programs\Python\Launcher\;C:\Users\\AppData\Local\Microsoft\WindowsApps;
USERNAME=
OS=Windows_NT
PROCESSOR_IDENTIFIER=Intel64 Family 6 Model 158 Stepping 11, GenuineIntel
TMP=C:\Users\A6C3~1\AppData\Local\Temp
TEMP=C:\Users\A6C3~1\AppData\Local\Temp



---------------  S Y S T E M  ---------------

OS:
 Windows 11 , 64 bit Build 22000 (10.0.22000.1761)
OS uptime: 13 days 6:49 hours

CPU: total 4 (initial active 4) (4 cores per cpu, 1 threads per core) family 6 model 158 stepping 11 microcode 0xde, cx8, cmov, fxsr, mmx, 3dnowpref, sse, sse2, sse3, ssse3, sse4.1, sse4.2, popcnt, lzcnt, tsc, tscinvbit, avx, avx2, aes, erms, clmul, bmi1, bmi2, adx, fma, vzeroupper, clflush, clflushopt

Memory: 4k page, system-wide physical 16323M (2036M free)
TotalPageFile size 30456M (AvailPageFile size 278M)
current process WorkingSet (physical memory assigned to process): 549M, peak: 1170M
current process commit charge ("private bytes"): 592M, peak: 1274M

vm_info: OpenJDK 64-Bit Server VM (17.0.6+10) for windows-amd64 JRE (17.0.6+10), built on Jan 18 2023 10:08:59 by "temurin" with MS VC++ 16.7 (VS2019)

END.
